Starting dependency installation...
Defaulting to user installation because normal site-packages is not writeable
Requirement already satisfied: tensorflow==2.11.0 in /gpfs/home6/apiaghiardelli/.local/lib/python3.9/site-packages (from -r requirements.txt (line 1)) (2.11.0)
Requirement already satisfied: numpy in /gpfs/home6/apiaghiardelli/.local/lib/python3.9/site-packages (from -r requirements.txt (line 2)) (1.24.3)
Collecting numpy (from -r requirements.txt (line 2))
  Downloading numpy-2.0.2-cp39-cp39-manylinux_2_17_x86_64.manylinux2014_x86_64.whl.metadata (60 kB)
Requirement already satisfied: matplotlib in /gpfs/home6/apiaghiardelli/.local/lib/python3.9/site-packages (from -r requirements.txt (line 3)) (3.9.4)
Requirement already satisfied: opencv-python in /gpfs/home6/apiaghiardelli/.local/lib/python3.9/site-packages (from -r requirements.txt (line 4)) (4.11.0.86)
Requirement already satisfied: gymnasium in /gpfs/home6/apiaghiardelli/.local/lib/python3.9/site-packages (from -r requirements.txt (line 5)) (1.1.1)
Requirement already satisfied: ale-py in /gpfs/home6/apiaghiardelli/.local/lib/python3.9/site-packages (from -r requirements.txt (line 6)) (0.11.0)
Requirement already satisfied: stable-baselines3 in /gpfs/home6/apiaghiardelli/.local/lib/python3.9/site-packages (from -r requirements.txt (line 7)) (2.6.0)
Requirement already satisfied: torch in /gpfs/home6/apiaghiardelli/.local/lib/python3.9/site-packages (from -r requirements.txt (line 8)) (2.7.0)
Requirement already satisfied: absl-py>=1.0.0 in /gpfs/home6/apiaghiardelli/.local/lib/python3.9/site-packages (from tensorflow==2.11.0->-r requirements.txt (line 1)) (2.2.2)
Requirement already satisfied: astunparse>=1.6.0 in /gpfs/home6/apiaghiardelli/.local/lib/python3.9/site-packages (from tensorflow==2.11.0->-r requirements.txt (line 1)) (1.6.3)
Requirement already satisfied: flatbuffers>=2.0 in /gpfs/home6/apiaghiardelli/.local/lib/python3.9/site-packages (from tensorflow==2.11.0->-r requirements.txt (line 1)) (25.2.10)
Requirement already satisfied: gast<=0.4.0,>=0.2.1 in /gpfs/home6/apiaghiardelli/.local/lib/python3.9/site-packages (from tensorflow==2.11.0->-r requirements.txt (line 1)) (0.4.0)
Requirement already satisfied: google-pasta>=0.1.1 in /gpfs/home6/apiaghiardelli/.local/lib/python3.9/site-packages (from tensorflow==2.11.0->-r requirements.txt (line 1)) (0.2.0)
Requirement already satisfied: grpcio<2.0,>=1.24.3 in /gpfs/home6/apiaghiardelli/.local/lib/python3.9/site-packages (from tensorflow==2.11.0->-r requirements.txt (line 1)) (1.71.0)
Requirement already satisfied: h5py>=2.9.0 in /gpfs/home6/apiaghiardelli/.local/lib/python3.9/site-packages (from tensorflow==2.11.0->-r requirements.txt (line 1)) (3.13.0)
Requirement already satisfied: keras<2.12,>=2.11.0 in /gpfs/home6/apiaghiardelli/.local/lib/python3.9/site-packages (from tensorflow==2.11.0->-r requirements.txt (line 1)) (2.11.0)
Requirement already satisfied: libclang>=13.0.0 in /gpfs/home6/apiaghiardelli/.local/lib/python3.9/site-packages (from tensorflow==2.11.0->-r requirements.txt (line 1)) (18.1.1)
Requirement already satisfied: opt-einsum>=2.3.2 in /gpfs/home6/apiaghiardelli/.local/lib/python3.9/site-packages (from tensorflow==2.11.0->-r requirements.txt (line 1)) (3.4.0)
Requirement already satisfied: packaging in /gpfs/home6/apiaghiardelli/.local/lib/python3.9/site-packages (from tensorflow==2.11.0->-r requirements.txt (line 1)) (25.0)
Requirement already satisfied: protobuf<3.20,>=3.9.2 in /gpfs/home6/apiaghiardelli/.local/lib/python3.9/site-packages (from tensorflow==2.11.0->-r requirements.txt (line 1)) (3.19.6)
Requirement already satisfied: setuptools in /gpfs/home6/apiaghiardelli/.local/lib/python3.9/site-packages (from tensorflow==2.11.0->-r requirements.txt (line 1)) (80.4.0)
Requirement already satisfied: six>=1.12.0 in /gpfs/home6/apiaghiardelli/.local/lib/python3.9/site-packages (from tensorflow==2.11.0->-r requirements.txt (line 1)) (1.17.0)
Requirement already satisfied: tensorboard<2.12,>=2.11 in /gpfs/home6/apiaghiardelli/.local/lib/python3.9/site-packages (from tensorflow==2.11.0->-r requirements.txt (line 1)) (2.11.2)
Requirement already satisfied: tensorflow-estimator<2.12,>=2.11.0 in /gpfs/home6/apiaghiardelli/.local/lib/python3.9/site-packages (from tensorflow==2.11.0->-r requirements.txt (line 1)) (2.11.0)
Requirement already satisfied: termcolor>=1.1.0 in /gpfs/home6/apiaghiardelli/.local/lib/python3.9/site-packages (from tensorflow==2.11.0->-r requirements.txt (line 1)) (3.1.0)
Requirement already satisfied: typing-extensions>=3.6.6 in /gpfs/home6/apiaghiardelli/.local/lib/python3.9/site-packages (from tensorflow==2.11.0->-r requirements.txt (line 1)) (4.13.2)
Requirement already satisfied: wrapt>=1.11.0 in /gpfs/home6/apiaghiardelli/.local/lib/python3.9/site-packages (from tensorflow==2.11.0->-r requirements.txt (line 1)) (1.17.2)
Requirement already satisfied: tensorflow-io-gcs-filesystem>=0.23.1 in /gpfs/home6/apiaghiardelli/.local/lib/python3.9/site-packages (from tensorflow==2.11.0->-r requirements.txt (line 1)) (0.37.1)
Requirement already satisfied: google-auth<3,>=1.6.3 in /gpfs/home6/apiaghiardelli/.local/lib/python3.9/site-packages (from tensorboard<2.12,>=2.11->tensorflow==2.11.0->-r requirements.txt (line 1)) (2.40.1)
Requirement already satisfied: google-auth-oauthlib<0.5,>=0.4.1 in /gpfs/home6/apiaghiardelli/.local/lib/python3.9/site-packages (from tensorboard<2.12,>=2.11->tensorflow==2.11.0->-r requirements.txt (line 1)) (0.4.6)
Requirement already satisfied: markdown>=2.6.8 in /gpfs/home6/apiaghiardelli/.local/lib/python3.9/site-packages (from tensorboard<2.12,>=2.11->tensorflow==2.11.0->-r requirements.txt (line 1)) (3.8)
Requirement already satisfied: requests<3,>=2.21.0 in /gpfs/home6/apiaghiardelli/.local/lib/python3.9/site-packages (from tensorboard<2.12,>=2.11->tensorflow==2.11.0->-r requirements.txt (line 1)) (2.32.3)
Requirement already satisfied: tensorboard-data-server<0.7.0,>=0.6.0 in /gpfs/home6/apiaghiardelli/.local/lib/python3.9/site-packages (from tensorboard<2.12,>=2.11->tensorflow==2.11.0->-r requirements.txt (line 1)) (0.6.1)
Requirement already satisfied: tensorboard-plugin-wit>=1.6.0 in /gpfs/home6/apiaghiardelli/.local/lib/python3.9/site-packages (from tensorboard<2.12,>=2.11->tensorflow==2.11.0->-r requirements.txt (line 1)) (1.8.1)
Requirement already satisfied: werkzeug>=1.0.1 in /gpfs/home6/apiaghiardelli/.local/lib/python3.9/site-packages (from tensorboard<2.12,>=2.11->tensorflow==2.11.0->-r requirements.txt (line 1)) (3.1.3)
Requirement already satisfied: wheel>=0.26 in /gpfs/home6/apiaghiardelli/.local/lib/python3.9/site-packages (from tensorboard<2.12,>=2.11->tensorflow==2.11.0->-r requirements.txt (line 1)) (0.45.1)
Requirement already satisfied: cachetools<6.0,>=2.0.0 in /gpfs/home6/apiaghiardelli/.local/lib/python3.9/site-packages (from google-auth<3,>=1.6.3->tensorboard<2.12,>=2.11->tensorflow==2.11.0->-r requirements.txt (line 1)) (5.5.2)
Requirement already satisfied: pyasn1-modules>=0.2.1 in /gpfs/home6/apiaghiardelli/.local/lib/python3.9/site-packages (from google-auth<3,>=1.6.3->tensorboard<2.12,>=2.11->tensorflow==2.11.0->-r requirements.txt (line 1)) (0.4.2)
Requirement already satisfied: rsa<5,>=3.1.4 in /gpfs/home6/apiaghiardelli/.local/lib/python3.9/site-packages (from google-auth<3,>=1.6.3->tensorboard<2.12,>=2.11->tensorflow==2.11.0->-r requirements.txt (line 1)) (4.9.1)
Requirement already satisfied: requests-oauthlib>=0.7.0 in /gpfs/home6/apiaghiardelli/.local/lib/python3.9/site-packages (from google-auth-oauthlib<0.5,>=0.4.1->tensorboard<2.12,>=2.11->tensorflow==2.11.0->-r requirements.txt (line 1)) (2.0.0)
Requirement already satisfied: charset-normalizer<4,>=2 in /gpfs/home6/apiaghiardelli/.local/lib/python3.9/site-packages (from requests<3,>=2.21.0->tensorboard<2.12,>=2.11->tensorflow==2.11.0->-r requirements.txt (line 1)) (3.4.2)
Requirement already satisfied: idna<4,>=2.5 in /gpfs/home6/apiaghiardelli/.local/lib/python3.9/site-packages (from requests<3,>=2.21.0->tensorboard<2.12,>=2.11->tensorflow==2.11.0->-r requirements.txt (line 1)) (3.10)
Requirement already satisfied: urllib3<3,>=1.21.1 in /gpfs/home6/apiaghiardelli/.local/lib/python3.9/site-packages (from requests<3,>=2.21.0->tensorboard<2.12,>=2.11->tensorflow==2.11.0->-r requirements.txt (line 1)) (2.4.0)
Requirement already satisfied: certifi>=2017.4.17 in /gpfs/home6/apiaghiardelli/.local/lib/python3.9/site-packages (from requests<3,>=2.21.0->tensorboard<2.12,>=2.11->tensorflow==2.11.0->-r requirements.txt (line 1)) (2025.4.26)
Requirement already satisfied: pyasn1>=0.1.3 in /gpfs/home6/apiaghiardelli/.local/lib/python3.9/site-packages (from rsa<5,>=3.1.4->google-auth<3,>=1.6.3->tensorboard<2.12,>=2.11->tensorflow==2.11.0->-r requirements.txt (line 1)) (0.6.1)
Requirement already satisfied: contourpy>=1.0.1 in /gpfs/home6/apiaghiardelli/.local/lib/python3.9/site-packages (from matplotlib->-r requirements.txt (line 3)) (1.3.0)
Requirement already satisfied: cycler>=0.10 in /gpfs/home6/apiaghiardelli/.local/lib/python3.9/site-packages (from matplotlib->-r requirements.txt (line 3)) (0.12.1)
Requirement already satisfied: fonttools>=4.22.0 in /gpfs/home6/apiaghiardelli/.local/lib/python3.9/site-packages (from matplotlib->-r requirements.txt (line 3)) (4.58.0)
Requirement already satisfied: kiwisolver>=1.3.1 in /gpfs/home6/apiaghiardelli/.local/lib/python3.9/site-packages (from matplotlib->-r requirements.txt (line 3)) (1.4.7)
Requirement already satisfied: pillow>=8 in /gpfs/home6/apiaghiardelli/.local/lib/python3.9/site-packages (from matplotlib->-r requirements.txt (line 3)) (11.2.1)
Requirement already satisfied: pyparsing>=2.3.1 in /gpfs/home6/apiaghiardelli/.local/lib/python3.9/site-packages (from matplotlib->-r requirements.txt (line 3)) (3.2.3)
Requirement already satisfied: python-dateutil>=2.7 in /gpfs/home6/apiaghiardelli/.local/lib/python3.9/site-packages (from matplotlib->-r requirements.txt (line 3)) (2.9.0.post0)
Requirement already satisfied: importlib-resources>=3.2.0 in /gpfs/home6/apiaghiardelli/.local/lib/python3.9/site-packages (from matplotlib->-r requirements.txt (line 3)) (6.5.2)
Requirement already satisfied: cloudpickle>=1.2.0 in /gpfs/home6/apiaghiardelli/.local/lib/python3.9/site-packages (from gymnasium->-r requirements.txt (line 5)) (3.1.1)
Requirement already satisfied: importlib-metadata>=4.8.0 in /gpfs/home6/apiaghiardelli/.local/lib/python3.9/site-packages (from gymnasium->-r requirements.txt (line 5)) (8.7.0)
Requirement already satisfied: farama-notifications>=0.0.1 in /gpfs/home6/apiaghiardelli/.local/lib/python3.9/site-packages (from gymnasium->-r requirements.txt (line 5)) (0.0.4)
Requirement already satisfied: pandas in /gpfs/home6/apiaghiardelli/.local/lib/python3.9/site-packages (from stable-baselines3->-r requirements.txt (line 7)) (2.2.3)
Requirement already satisfied: filelock in /gpfs/home6/apiaghiardelli/.local/lib/python3.9/site-packages (from torch->-r requirements.txt (line 8)) (3.18.0)
Requirement already satisfied: sympy>=1.13.3 in /gpfs/home6/apiaghiardelli/.local/lib/python3.9/site-packages (from torch->-r requirements.txt (line 8)) (1.14.0)
Requirement already satisfied: networkx in /gpfs/home6/apiaghiardelli/.local/lib/python3.9/site-packages (from torch->-r requirements.txt (line 8)) (3.2.1)
Requirement already satisfied: jinja2 in /gpfs/home6/apiaghiardelli/.local/lib/python3.9/site-packages (from torch->-r requirements.txt (line 8)) (3.1.6)
Requirement already satisfied: fsspec in /gpfs/home6/apiaghiardelli/.local/lib/python3.9/site-packages (from torch->-r requirements.txt (line 8)) (2025.3.2)
Requirement already satisfied: nvidia-cuda-nvrtc-cu12==12.6.77 in /gpfs/home6/apiaghiardelli/.local/lib/python3.9/site-packages (from torch->-r requirements.txt (line 8)) (12.6.77)
Requirement already satisfied: nvidia-cuda-runtime-cu12==12.6.77 in /gpfs/home6/apiaghiardelli/.local/lib/python3.9/site-packages (from torch->-r requirements.txt (line 8)) (12.6.77)
Requirement already satisfied: nvidia-cuda-cupti-cu12==12.6.80 in /gpfs/home6/apiaghiardelli/.local/lib/python3.9/site-packages (from torch->-r requirements.txt (line 8)) (12.6.80)
Requirement already satisfied: nvidia-cudnn-cu12==9.5.1.17 in /gpfs/home6/apiaghiardelli/.local/lib/python3.9/site-packages (from torch->-r requirements.txt (line 8)) (9.5.1.17)
Requirement already satisfied: nvidia-cublas-cu12==12.6.4.1 in /gpfs/home6/apiaghiardelli/.local/lib/python3.9/site-packages (from torch->-r requirements.txt (line 8)) (12.6.4.1)
Requirement already satisfied: nvidia-cufft-cu12==11.3.0.4 in /gpfs/home6/apiaghiardelli/.local/lib/python3.9/site-packages (from torch->-r requirements.txt (line 8)) (11.3.0.4)
Requirement already satisfied: nvidia-curand-cu12==10.3.7.77 in /gpfs/home6/apiaghiardelli/.local/lib/python3.9/site-packages (from torch->-r requirements.txt (line 8)) (10.3.7.77)
Requirement already satisfied: nvidia-cusolver-cu12==11.7.1.2 in /gpfs/home6/apiaghiardelli/.local/lib/python3.9/site-packages (from torch->-r requirements.txt (line 8)) (11.7.1.2)
Requirement already satisfied: nvidia-cusparse-cu12==12.5.4.2 in /gpfs/home6/apiaghiardelli/.local/lib/python3.9/site-packages (from torch->-r requirements.txt (line 8)) (12.5.4.2)
Requirement already satisfied: nvidia-cusparselt-cu12==0.6.3 in /gpfs/home6/apiaghiardelli/.local/lib/python3.9/site-packages (from torch->-r requirements.txt (line 8)) (0.6.3)
Requirement already satisfied: nvidia-nccl-cu12==2.26.2 in /gpfs/home6/apiaghiardelli/.local/lib/python3.9/site-packages (from torch->-r requirements.txt (line 8)) (2.26.2)
Requirement already satisfied: nvidia-nvtx-cu12==12.6.77 in /gpfs/home6/apiaghiardelli/.local/lib/python3.9/site-packages (from torch->-r requirements.txt (line 8)) (12.6.77)
Requirement already satisfied: nvidia-nvjitlink-cu12==12.6.85 in /gpfs/home6/apiaghiardelli/.local/lib/python3.9/site-packages (from torch->-r requirements.txt (line 8)) (12.6.85)
Requirement already satisfied: nvidia-cufile-cu12==1.11.1.6 in /gpfs/home6/apiaghiardelli/.local/lib/python3.9/site-packages (from torch->-r requirements.txt (line 8)) (1.11.1.6)
Requirement already satisfied: triton==3.3.0 in /gpfs/home6/apiaghiardelli/.local/lib/python3.9/site-packages (from torch->-r requirements.txt (line 8)) (3.3.0)
Requirement already satisfied: zipp>=3.20 in /gpfs/home6/apiaghiardelli/.local/lib/python3.9/site-packages (from importlib-metadata>=4.8.0->gymnasium->-r requirements.txt (line 5)) (3.21.0)
Requirement already satisfied: oauthlib>=3.0.0 in /gpfs/home6/apiaghiardelli/.local/lib/python3.9/site-packages (from requests-oauthlib>=0.7.0->google-auth-oauthlib<0.5,>=0.4.1->tensorboard<2.12,>=2.11->tensorflow==2.11.0->-r requirements.txt (line 1)) (3.2.2)
Requirement already satisfied: mpmath<1.4,>=1.1.0 in /gpfs/home6/apiaghiardelli/.local/lib/python3.9/site-packages (from sympy>=1.13.3->torch->-r requirements.txt (line 8)) (1.3.0)
Requirement already satisfied: MarkupSafe>=2.1.1 in /gpfs/home6/apiaghiardelli/.local/lib/python3.9/site-packages (from werkzeug>=1.0.1->tensorboard<2.12,>=2.11->tensorflow==2.11.0->-r requirements.txt (line 1)) (3.0.2)
Requirement already satisfied: pytz>=2020.1 in /gpfs/home6/apiaghiardelli/.local/lib/python3.9/site-packages (from pandas->stable-baselines3->-r requirements.txt (line 7)) (2025.2)
Requirement already satisfied: tzdata>=2022.7 in /gpfs/home6/apiaghiardelli/.local/lib/python3.9/site-packages (from pandas->stable-baselines3->-r requirements.txt (line 7)) (2025.2)
Downloading numpy-2.0.2-cp39-cp39-manylinux_2_17_x86_64.manylinux2014_x86_64.whl (19.5 MB)
   ━━━━━━━━━━━━━━━━━━━━━━━━━━━━━━━━━━━━━━━━ 19.5/19.5 MB 297.3 MB/s eta 0:00:00
Installing collected packages: numpy
  Attempting uninstall: numpy
    Found existing installation: numpy 1.24.3
    Uninstalling numpy-1.24.3:
      Successfully uninstalled numpy-1.24.3
Successfully installed numpy-2.0.2
Dependency installation finished.
Running Python script...
Python script finished.

JOB STATISTICS
==============
Job ID: 11761529
Cluster: snellius
User/Group: apiaghiardelli/apiaghiardelli
State: RUNNING
Nodes: 1
Cores per node: 18
CPU Utilized: 00:00:00
CPU Efficiency: 0.00% of 00:08:06 core-walltime
Job Wall-clock time: 00:00:27
Memory Utilized: 0.00 MB
Memory Efficiency: 0.00% of 64.00 GB (64.00 GB/node)
WARNING: Efficiency statistics can only be obtained after the job has ended as seff tool is based on the accounting database data.
