Sun May 11 17:41:12 2025       
+-----------------------------------------------------------------------------------------+
| NVIDIA-SMI 565.57.01              Driver Version: 565.57.01      CUDA Version: 12.7     |
|-----------------------------------------+------------------------+----------------------+
| GPU  Name                 Persistence-M | Bus-Id          Disp.A | Volatile Uncorr. ECC |
| Fan  Temp   Perf          Pwr:Usage/Cap |           Memory-Usage | GPU-Util  Compute M. |
|                                         |                        |               MIG M. |
|=========================================+========================+======================|
|   0  NVIDIA A100-SXM4-40GB          On  |   00000000:CA:00.0 Off |                 Off* |
| N/A   31C    P0             54W /  400W |       1MiB /  40960MiB |      0%      Default |
|                                         |                        |             Disabled |
+-----------------------------------------+------------------------+----------------------+
                                                                                         
+-----------------------------------------------------------------------------------------+
| Processes:                                                                              |
|  GPU   GI   CI        PID   Type   Process name                              GPU Memory |
|        ID   ID                                                               Usage      |
|=========================================================================================|
|  No running processes found                                                             |
+-----------------------------------------------------------------------------------------+
Starting dependency installation...
Defaulting to user installation because normal site-packages is not writeable
Looking in indexes: https://download.pytorch.org/whl/cu118
Collecting torch==2.0.1+cu118
  Downloading https://download.pytorch.org/whl/cu118/torch-2.0.1%2Bcu118-cp39-cp39-linux_x86_64.whl (2267.3 MB)
     ━━━━━━━━━━━━━━━━━━━━━━━━━━━━━━━━━━━━━━━━ 2.3/2.3 GB 486.7 MB/s eta 0:00:00
Collecting torchvision==0.15.2+cu118
  Downloading https://download.pytorch.org/whl/cu118/torchvision-0.15.2%2Bcu118-cp39-cp39-linux_x86_64.whl (6.1 MB)
     ━━━━━━━━━━━━━━━━━━━━━━━━━━━━━━━━━━━━━━━━ 6.1/6.1 MB 548.8 MB/s eta 0:00:00
Collecting filelock (from torch==2.0.1+cu118)
  Downloading https://download.pytorch.org/whl/filelock-3.13.1-py3-none-any.whl.metadata (2.8 kB)
Collecting typing-extensions (from torch==2.0.1+cu118)
  Downloading https://download.pytorch.org/whl/typing_extensions-4.12.2-py3-none-any.whl.metadata (3.0 kB)
Collecting sympy (from torch==2.0.1+cu118)
  Downloading https://download.pytorch.org/whl/sympy-1.13.3-py3-none-any.whl.metadata (12 kB)
Collecting networkx (from torch==2.0.1+cu118)
  Downloading https://download.pytorch.org/whl/networkx-3.2.1-py3-none-any.whl.metadata (5.2 kB)
Collecting jinja2 (from torch==2.0.1+cu118)
  Downloading https://download.pytorch.org/whl/Jinja2-3.1.4-py3-none-any.whl.metadata (2.6 kB)
Collecting triton==2.0.0 (from torch==2.0.1+cu118)
  Downloading https://download.pytorch.org/whl/triton-2.0.0-1-cp39-cp39-manylinux2014_x86_64.manylinux_2_17_x86_64.whl (63.3 MB)
     ━━━━━━━━━━━━━━━━━━━━━━━━━━━━━━━━━━━━━━━ 63.3/63.3 MB 544.8 MB/s eta 0:00:00
Collecting numpy (from torchvision==0.15.2+cu118)
  Downloading https://download.pytorch.org/whl/numpy-1.26.3-cp39-cp39-manylinux_2_17_x86_64.manylinux2014_x86_64.whl (18.2 MB)
     ━━━━━━━━━━━━━━━━━━━━━━━━━━━━━━━━━━━━━━━ 18.2/18.2 MB 448.5 MB/s eta 0:00:00
Collecting requests (from torchvision==0.15.2+cu118)
  Downloading https://download.pytorch.org/whl/requests-2.28.1-py3-none-any.whl (62 kB)
Collecting pillow!=8.3.*,>=5.3.0 (from torchvision==0.15.2+cu118)
  Downloading https://download.pytorch.org/whl/pillow-11.0.0-cp39-cp39-manylinux_2_28_x86_64.whl.metadata (9.1 kB)
Collecting cmake (from triton==2.0.0->torch==2.0.1+cu118)
  Downloading https://download.pytorch.org/whl/cmake-3.25.0-py2.py3-none-manylinux_2_17_x86_64.manylinux2014_x86_64.whl (23.7 MB)
     ━━━━━━━━━━━━━━━━━━━━━━━━━━━━━━━━━━━━━━━ 23.7/23.7 MB 512.3 MB/s eta 0:00:00
Collecting lit (from triton==2.0.0->torch==2.0.1+cu118)
  Downloading https://download.pytorch.org/whl/lit-15.0.7.tar.gz (132 kB)
  Preparing metadata (setup.py): started
  Preparing metadata (setup.py): finished with status 'done'
Collecting MarkupSafe>=2.0 (from jinja2->torch==2.0.1+cu118)
  Downloading https://download.pytorch.org/whl/MarkupSafe-2.1.5-cp39-cp39-manylinux_2_17_x86_64.manylinux2014_x86_64.whl (25 kB)
Collecting charset-normalizer<3,>=2 (from requests->torchvision==0.15.2+cu118)
  Downloading https://download.pytorch.org/whl/charset_normalizer-2.1.1-py3-none-any.whl (39 kB)
Collecting idna<4,>=2.5 (from requests->torchvision==0.15.2+cu118)
  Downloading https://download.pytorch.org/whl/idna-3.4-py3-none-any.whl (61 kB)
Collecting urllib3<1.27,>=1.21.1 (from requests->torchvision==0.15.2+cu118)
  Downloading https://download.pytorch.org/whl/urllib3-1.26.13-py2.py3-none-any.whl (140 kB)
Collecting certifi>=2017.4.17 (from requests->torchvision==0.15.2+cu118)
  Downloading https://download.pytorch.org/whl/certifi-2022.12.7-py3-none-any.whl (155 kB)
Collecting mpmath<1.4,>=1.1.0 (from sympy->torch==2.0.1+cu118)
  Downloading https://download.pytorch.org/whl/mpmath-1.3.0-py3-none-any.whl (536 kB)
     ━━━━━━━━━━━━━━━━━━━━━━━━━━━━━━━━━━━━━ 536.2/536.2 kB 349.5 MB/s eta 0:00:00
Downloading https://download.pytorch.org/whl/pillow-11.0.0-cp39-cp39-manylinux_2_28_x86_64.whl (4.4 MB)
   ━━━━━━━━━━━━━━━━━━━━━━━━━━━━━━━━━━━━━━━━ 4.4/4.4 MB 519.9 MB/s eta 0:00:00
Downloading https://download.pytorch.org/whl/filelock-3.13.1-py3-none-any.whl (11 kB)
Downloading https://download.pytorch.org/whl/Jinja2-3.1.4-py3-none-any.whl (133 kB)
Downloading https://download.pytorch.org/whl/networkx-3.2.1-py3-none-any.whl (1.6 MB)
   ━━━━━━━━━━━━━━━━━━━━━━━━━━━━━━━━━━━━━━━━ 1.6/1.6 MB 590.4 MB/s eta 0:00:00
Downloading https://download.pytorch.org/whl/sympy-1.13.3-py3-none-any.whl (6.2 MB)
   ━━━━━━━━━━━━━━━━━━━━━━━━━━━━━━━━━━━━━━━━ 6.2/6.2 MB 449.8 MB/s eta 0:00:00
Downloading https://download.pytorch.org/whl/typing_extensions-4.12.2-py3-none-any.whl (37 kB)
Building wheels for collected packages: lit
  Building wheel for lit (setup.py): started
  Building wheel for lit (setup.py): finished with status 'done'
  Created wheel for lit: filename=lit-15.0.7-py3-none-any.whl size=90062 sha256=d5938153bccfaa46d9595d58fcc2573e467bc7513808addb6fef34febe643a5d
  Stored in directory: /gpfs/scratch1/nodespecific/gcn24/apiaghiardelli.11762110/pip-ephem-wheel-cache-2qouq39v/wheels/8a/25/6d/8f3999d5827188a1f139f7f08b8458b79cc8ab184bc44d3955
Successfully built lit
Installing collected packages: mpmath, lit, cmake, urllib3, typing-extensions, sympy, pillow, numpy, networkx, MarkupSafe, idna, filelock, charset-normalizer, certifi, requests, jinja2, triton, torch, torchvision
  Attempting uninstall: mpmath
    Found existing installation: mpmath 1.3.0
    Uninstalling mpmath-1.3.0:
      Successfully uninstalled mpmath-1.3.0
  Attempting uninstall: lit
    Found existing installation: lit 15.0.7
    Uninstalling lit-15.0.7:
      Successfully uninstalled lit-15.0.7
  Attempting uninstall: cmake
    Found existing installation: cmake 3.25.0
    Uninstalling cmake-3.25.0:
      Successfully uninstalled cmake-3.25.0
  Attempting uninstall: urllib3
    Found existing installation: urllib3 2.4.0
    Uninstalling urllib3-2.4.0:
      Successfully uninstalled urllib3-2.4.0
  Attempting uninstall: typing-extensions
    Found existing installation: typing_extensions 4.5.0
    Uninstalling typing_extensions-4.5.0:
      Successfully uninstalled typing_extensions-4.5.0
  Attempting uninstall: sympy
    Found existing installation: sympy 1.14.0
    Uninstalling sympy-1.14.0:
      Successfully uninstalled sympy-1.14.0
  Attempting uninstall: pillow
    Found existing installation: pillow 11.2.1
    Uninstalling pillow-11.2.1:
      Successfully uninstalled pillow-11.2.1
  Attempting uninstall: numpy
    Found existing installation: numpy 1.24.3
    Uninstalling numpy-1.24.3:
      Successfully uninstalled numpy-1.24.3
  Attempting uninstall: networkx
    Found existing installation: networkx 3.2.1
    Uninstalling networkx-3.2.1:
      Successfully uninstalled networkx-3.2.1
  Attempting uninstall: MarkupSafe
    Found existing installation: MarkupSafe 3.0.2
    Uninstalling MarkupSafe-3.0.2:
      Successfully uninstalled MarkupSafe-3.0.2
  Attempting uninstall: idna
    Found existing installation: idna 3.10
    Uninstalling idna-3.10:
      Successfully uninstalled idna-3.10
  Attempting uninstall: filelock
    Found existing installation: filelock 3.18.0
    Uninstalling filelock-3.18.0:
      Successfully uninstalled filelock-3.18.0
  Attempting uninstall: charset-normalizer
    Found existing installation: charset-normalizer 3.4.2
    Uninstalling charset-normalizer-3.4.2:
      Successfully uninstalled charset-normalizer-3.4.2
  Attempting uninstall: certifi
    Found existing installation: certifi 2025.4.26
    Uninstalling certifi-2025.4.26:
      Successfully uninstalled certifi-2025.4.26
  Attempting uninstall: requests
    Found existing installation: requests 2.32.3
    Uninstalling requests-2.32.3:
      Successfully uninstalled requests-2.32.3
  Attempting uninstall: jinja2
    Found existing installation: Jinja2 3.1.6
    Uninstalling Jinja2-3.1.6:
      Successfully uninstalled Jinja2-3.1.6
  Attempting uninstall: triton
    Found existing installation: triton 2.1.0
    Uninstalling triton-2.1.0:
      Successfully uninstalled triton-2.1.0
  Attempting uninstall: torch
    Found existing installation: torch 2.1.2
    Uninstalling torch-2.1.2:
      Successfully uninstalled torch-2.1.2
  Attempting uninstall: torchvision
    Found existing installation: torchvision 0.15.2+cu118
    Uninstalling torchvision-0.15.2+cu118:
      Successfully uninstalled torchvision-0.15.2+cu118

Successfully installed MarkupSafe-2.1.5 certifi-2022.12.7 charset-normalizer-2.1.1 cmake-3.25.0 filelock-3.13.1 idna-3.4 jinja2-3.1.4 lit-15.0.7 mpmath-1.3.0 networkx-3.2.1 numpy-1.26.3 pillow-11.0.0 requests-2.28.1 sympy-1.13.3 torch-2.0.1+cu118 torchvision-0.15.2+cu118 triton-2.0.0 typing-extensions-4.12.2 urllib3-1.26.13
Defaulting to user installation because normal site-packages is not writeable
Collecting tensorflow==2.13.0
  Downloading tensorflow-2.13.0-cp39-cp39-manylinux_2_17_x86_64.manylinux2014_x86_64.whl.metadata (3.4 kB)
Collecting numpy==1.24.3
  Downloading numpy-1.24.3-cp39-cp39-manylinux_2_17_x86_64.manylinux2014_x86_64.whl.metadata (5.6 kB)
Collecting matplotlib
  Downloading matplotlib-3.9.4-cp39-cp39-manylinux_2_17_x86_64.manylinux2014_x86_64.whl.metadata (11 kB)
Collecting opencv-python
  Downloading opencv_python-4.11.0.86-cp37-abi3-manylinux_2_17_x86_64.manylinux2014_x86_64.whl.metadata (20 kB)
Collecting gymnasium
  Downloading gymnasium-1.1.1-py3-none-any.whl.metadata (9.4 kB)
Collecting ale-py
  Downloading ale_py-0.11.0-cp39-cp39-manylinux_2_17_x86_64.manylinux2014_x86_64.whl.metadata (8.2 kB)
Collecting stable-baselines3
  Downloading stable_baselines3-2.6.0-py3-none-any.whl.metadata (4.8 kB)
Collecting absl-py>=1.0.0 (from tensorflow==2.13.0)
  Downloading absl_py-2.2.2-py3-none-any.whl.metadata (2.6 kB)
Collecting astunparse>=1.6.0 (from tensorflow==2.13.0)
  Downloading astunparse-1.6.3-py2.py3-none-any.whl.metadata (4.4 kB)
Collecting flatbuffers>=23.1.21 (from tensorflow==2.13.0)
  Downloading flatbuffers-25.2.10-py2.py3-none-any.whl.metadata (875 bytes)
Collecting gast<=0.4.0,>=0.2.1 (from tensorflow==2.13.0)
  Downloading gast-0.4.0-py3-none-any.whl.metadata (1.1 kB)
Collecting google-pasta>=0.1.1 (from tensorflow==2.13.0)
  Downloading google_pasta-0.2.0-py3-none-any.whl.metadata (814 bytes)
Collecting grpcio<2.0,>=1.24.3 (from tensorflow==2.13.0)
  Downloading grpcio-1.71.0-cp39-cp39-manylinux_2_17_x86_64.manylinux2014_x86_64.whl.metadata (3.8 kB)
Collecting h5py>=2.9.0 (from tensorflow==2.13.0)
  Downloading h5py-3.13.0-cp39-cp39-manylinux_2_17_x86_64.manylinux2014_x86_64.whl.metadata (2.5 kB)
Collecting keras<2.14,>=2.13.1 (from tensorflow==2.13.0)
  Downloading keras-2.13.1-py3-none-any.whl.metadata (2.4 kB)
Collecting libclang>=13.0.0 (from tensorflow==2.13.0)
  Downloading libclang-18.1.1-py2.py3-none-manylinux2010_x86_64.whl.metadata (5.2 kB)
Collecting opt-einsum>=2.3.2 (from tensorflow==2.13.0)
  Downloading opt_einsum-3.4.0-py3-none-any.whl.metadata (6.3 kB)
Collecting packaging (from tensorflow==2.13.0)
  Downloading packaging-25.0-py3-none-any.whl.metadata (3.3 kB)
Collecting protobuf!=4.21.0,!=4.21.1,!=4.21.2,!=4.21.3,!=4.21.4,!=4.21.5,<5.0.0dev,>=3.20.3 (from tensorflow==2.13.0)
  Downloading protobuf-4.25.7-cp37-abi3-manylinux2014_x86_64.whl.metadata (541 bytes)
Collecting setuptools (from tensorflow==2.13.0)
  Downloading setuptools-80.4.0-py3-none-any.whl.metadata (6.5 kB)
Collecting six>=1.12.0 (from tensorflow==2.13.0)
  Downloading six-1.17.0-py2.py3-none-any.whl.metadata (1.7 kB)
Collecting tensorboard<2.14,>=2.13 (from tensorflow==2.13.0)
  Downloading tensorboard-2.13.0-py3-none-any.whl.metadata (1.8 kB)
Collecting tensorflow-estimator<2.14,>=2.13.0 (from tensorflow==2.13.0)
  Downloading tensorflow_estimator-2.13.0-py2.py3-none-any.whl.metadata (1.3 kB)
Collecting termcolor>=1.1.0 (from tensorflow==2.13.0)
  Downloading termcolor-3.1.0-py3-none-any.whl.metadata (6.4 kB)
Collecting typing-extensions<4.6.0,>=3.6.6 (from tensorflow==2.13.0)
  Downloading typing_extensions-4.5.0-py3-none-any.whl.metadata (8.5 kB)
Collecting wrapt>=1.11.0 (from tensorflow==2.13.0)
  Downloading wrapt-1.17.2-cp39-cp39-manylinux_2_5_x86_64.manylinux1_x86_64.manylinux_2_17_x86_64.manylinux2014_x86_64.whl.metadata (6.4 kB)
Collecting tensorflow-io-gcs-filesystem>=0.23.1 (from tensorflow==2.13.0)
  Downloading tensorflow_io_gcs_filesystem-0.37.1-cp39-cp39-manylinux_2_17_x86_64.manylinux2014_x86_64.whl.metadata (14 kB)
Collecting google-auth<3,>=1.6.3 (from tensorboard<2.14,>=2.13->tensorflow==2.13.0)
  Downloading google_auth-2.40.1-py2.py3-none-any.whl.metadata (6.2 kB)
Collecting google-auth-oauthlib<1.1,>=0.5 (from tensorboard<2.14,>=2.13->tensorflow==2.13.0)
  Downloading google_auth_oauthlib-1.0.0-py2.py3-none-any.whl.metadata (2.7 kB)
Collecting markdown>=2.6.8 (from tensorboard<2.14,>=2.13->tensorflow==2.13.0)
  Downloading markdown-3.8-py3-none-any.whl.metadata (5.1 kB)
Collecting requests<3,>=2.21.0 (from tensorboard<2.14,>=2.13->tensorflow==2.13.0)
  Downloading requests-2.32.3-py3-none-any.whl.metadata (4.6 kB)
Collecting tensorboard-data-server<0.8.0,>=0.7.0 (from tensorboard<2.14,>=2.13->tensorflow==2.13.0)
  Downloading tensorboard_data_server-0.7.2-py3-none-manylinux_2_31_x86_64.whl.metadata (1.1 kB)
Collecting werkzeug>=1.0.1 (from tensorboard<2.14,>=2.13->tensorflow==2.13.0)
  Downloading werkzeug-3.1.3-py3-none-any.whl.metadata (3.7 kB)
Collecting wheel>=0.26 (from tensorboard<2.14,>=2.13->tensorflow==2.13.0)
  Downloading wheel-0.45.1-py3-none-any.whl.metadata (2.3 kB)
Collecting cachetools<6.0,>=2.0.0 (from google-auth<3,>=1.6.3->tensorboard<2.14,>=2.13->tensorflow==2.13.0)
  Downloading cachetools-5.5.2-py3-none-any.whl.metadata (5.4 kB)
Collecting pyasn1-modules>=0.2.1 (from google-auth<3,>=1.6.3->tensorboard<2.14,>=2.13->tensorflow==2.13.0)
  Downloading pyasn1_modules-0.4.2-py3-none-any.whl.metadata (3.5 kB)
Collecting rsa<5,>=3.1.4 (from google-auth<3,>=1.6.3->tensorboard<2.14,>=2.13->tensorflow==2.13.0)
  Downloading rsa-4.9.1-py3-none-any.whl.metadata (5.6 kB)
Collecting requests-oauthlib>=0.7.0 (from google-auth-oauthlib<1.1,>=0.5->tensorboard<2.14,>=2.13->tensorflow==2.13.0)
  Downloading requests_oauthlib-2.0.0-py2.py3-none-any.whl.metadata (11 kB)
Collecting charset-normalizer<4,>=2 (from requests<3,>=2.21.0->tensorboard<2.14,>=2.13->tensorflow==2.13.0)
  Downloading charset_normalizer-3.4.2-cp39-cp39-manylinux_2_17_x86_64.manylinux2014_x86_64.whl.metadata (35 kB)
Collecting idna<4,>=2.5 (from requests<3,>=2.21.0->tensorboard<2.14,>=2.13->tensorflow==2.13.0)
  Downloading idna-3.10-py3-none-any.whl.metadata (10 kB)
Collecting urllib3<3,>=1.21.1 (from requests<3,>=2.21.0->tensorboard<2.14,>=2.13->tensorflow==2.13.0)
  Downloading urllib3-2.4.0-py3-none-any.whl.metadata (6.5 kB)
Collecting certifi>=2017.4.17 (from requests<3,>=2.21.0->tensorboard<2.14,>=2.13->tensorflow==2.13.0)
  Downloading certifi-2025.4.26-py3-none-any.whl.metadata (2.5 kB)
Collecting pyasn1>=0.1.3 (from rsa<5,>=3.1.4->google-auth<3,>=1.6.3->tensorboard<2.14,>=2.13->tensorflow==2.13.0)
  Downloading pyasn1-0.6.1-py3-none-any.whl.metadata (8.4 kB)
Collecting contourpy>=1.0.1 (from matplotlib)
  Downloading contourpy-1.3.0-cp39-cp39-manylinux_2_17_x86_64.manylinux2014_x86_64.whl.metadata (5.4 kB)
Collecting cycler>=0.10 (from matplotlib)
  Downloading cycler-0.12.1-py3-none-any.whl.metadata (3.8 kB)
Collecting fonttools>=4.22.0 (from matplotlib)
  Downloading fonttools-4.58.0-cp39-cp39-manylinux_2_17_x86_64.manylinux2014_x86_64.whl.metadata (104 kB)
Collecting kiwisolver>=1.3.1 (from matplotlib)
  Downloading kiwisolver-1.4.7-cp39-cp39-manylinux_2_12_x86_64.manylinux2010_x86_64.whl.metadata (6.3 kB)
Collecting pillow>=8 (from matplotlib)
  Downloading pillow-11.2.1-cp39-cp39-manylinux_2_28_x86_64.whl.metadata (8.9 kB)
Collecting pyparsing>=2.3.1 (from matplotlib)
  Downloading pyparsing-3.2.3-py3-none-any.whl.metadata (5.0 kB)
Collecting python-dateutil>=2.7 (from matplotlib)
  Downloading python_dateutil-2.9.0.post0-py2.py3-none-any.whl.metadata (8.4 kB)
Collecting importlib-resources>=3.2.0 (from matplotlib)
  Downloading importlib_resources-6.5.2-py3-none-any.whl.metadata (3.9 kB)
Collecting cloudpickle>=1.2.0 (from gymnasium)
  Downloading cloudpickle-3.1.1-py3-none-any.whl.metadata (7.1 kB)
Collecting importlib-metadata>=4.8.0 (from gymnasium)
  Downloading importlib_metadata-8.7.0-py3-none-any.whl.metadata (4.8 kB)
Collecting farama-notifications>=0.0.1 (from gymnasium)
  Downloading Farama_Notifications-0.0.4-py3-none-any.whl.metadata (558 bytes)
Collecting torch<3.0,>=2.3 (from stable-baselines3)
  Downloading torch-2.7.0-cp39-cp39-manylinux_2_28_x86_64.whl.metadata (29 kB)
Collecting pandas (from stable-baselines3)
  Downloading pandas-2.2.3-cp39-cp39-manylinux_2_17_x86_64.manylinux2014_x86_64.whl.metadata (89 kB)
Collecting filelock (from torch<3.0,>=2.3->stable-baselines3)
  Downloading filelock-3.18.0-py3-none-any.whl.metadata (2.9 kB)
INFO: pip is looking at multiple versions of torch to determine which version is compatible with other requirements. This could take a while.
Collecting torch<3.0,>=2.3 (from stable-baselines3)
  Downloading torch-2.6.0-cp39-cp39-manylinux1_x86_64.whl.metadata (28 kB)
  Downloading torch-2.5.1-cp39-cp39-manylinux1_x86_64.whl.metadata (28 kB)
  Downloading torch-2.5.0-cp39-cp39-manylinux1_x86_64.whl.metadata (28 kB)
  Downloading torch-2.4.1-cp39-cp39-manylinux1_x86_64.whl.metadata (26 kB)
  Downloading torch-2.4.0-cp39-cp39-manylinux1_x86_64.whl.metadata (26 kB)
  Downloading torch-2.3.1-cp39-cp39-manylinux1_x86_64.whl.metadata (26 kB)
  Downloading torch-2.3.0-cp39-cp39-manylinux1_x86_64.whl.metadata (26 kB)
INFO: pip is still looking at multiple versions of torch to determine which version is compatible with other requirements. This could take a while.
Collecting stable-baselines3
  Downloading stable_baselines3-2.5.0-py3-none-any.whl.metadata (4.8 kB)
Collecting gymnasium
  Downloading gymnasium-1.0.0-py3-none-any.whl.metadata (9.5 kB)
INFO: This is taking longer than usual. You might need to provide the dependency resolver with stricter constraints to reduce runtime. See https://pip.pypa.io/warnings/backtracking for guidance. If you want to abort this run, press Ctrl + C.
  Downloading gymnasium-0.29.1-py3-none-any.whl.metadata (10 kB)
Collecting stable-baselines3
  Downloading stable_baselines3-2.4.1-py3-none-any.whl.metadata (4.5 kB)
Collecting torch>=1.13 (from stable-baselines3)
  Downloading torch-2.2.2-cp39-cp39-manylinux1_x86_64.whl.metadata (25 kB)
  Downloading torch-2.2.1-cp39-cp39-manylinux1_x86_64.whl.metadata (25 kB)
  Downloading torch-2.2.0-cp39-cp39-manylinux1_x86_64.whl.metadata (25 kB)
  Downloading torch-2.1.2-cp39-cp39-manylinux1_x86_64.whl.metadata (25 kB)
Collecting sympy (from torch>=1.13->stable-baselines3)
  Downloading sympy-1.14.0-py3-none-any.whl.metadata (12 kB)
Collecting networkx (from torch>=1.13->stable-baselines3)
  Downloading networkx-3.2.1-py3-none-any.whl.metadata (5.2 kB)
Collecting jinja2 (from torch>=1.13->stable-baselines3)
  Downloading jinja2-3.1.6-py3-none-any.whl.metadata (2.9 kB)
Collecting fsspec (from torch>=1.13->stable-baselines3)
  Downloading fsspec-2025.3.2-py3-none-any.whl.metadata (11 kB)
Collecting nvidia-cuda-nvrtc-cu12==12.1.105 (from torch>=1.13->stable-baselines3)
  Downloading nvidia_cuda_nvrtc_cu12-12.1.105-py3-none-manylinux1_x86_64.whl.metadata (1.5 kB)
Collecting nvidia-cuda-runtime-cu12==12.1.105 (from torch>=1.13->stable-baselines3)
  Downloading nvidia_cuda_runtime_cu12-12.1.105-py3-none-manylinux1_x86_64.whl.metadata (1.5 kB)
Collecting nvidia-cuda-cupti-cu12==12.1.105 (from torch>=1.13->stable-baselines3)
  Downloading nvidia_cuda_cupti_cu12-12.1.105-py3-none-manylinux1_x86_64.whl.metadata (1.6 kB)
Collecting nvidia-cudnn-cu12==8.9.2.26 (from torch>=1.13->stable-baselines3)
  Downloading nvidia_cudnn_cu12-8.9.2.26-py3-none-manylinux1_x86_64.whl.metadata (1.6 kB)
Collecting nvidia-cublas-cu12==12.1.3.1 (from torch>=1.13->stable-baselines3)
  Downloading nvidia_cublas_cu12-12.1.3.1-py3-none-manylinux1_x86_64.whl.metadata (1.5 kB)
Collecting nvidia-cufft-cu12==11.0.2.54 (from torch>=1.13->stable-baselines3)
  Downloading nvidia_cufft_cu12-11.0.2.54-py3-none-manylinux1_x86_64.whl.metadata (1.5 kB)
Collecting nvidia-curand-cu12==10.3.2.106 (from torch>=1.13->stable-baselines3)
  Downloading nvidia_curand_cu12-10.3.2.106-py3-none-manylinux1_x86_64.whl.metadata (1.5 kB)
Collecting nvidia-cusolver-cu12==11.4.5.107 (from torch>=1.13->stable-baselines3)
  Downloading nvidia_cusolver_cu12-11.4.5.107-py3-none-manylinux1_x86_64.whl.metadata (1.6 kB)
Collecting nvidia-cusparse-cu12==12.1.0.106 (from torch>=1.13->stable-baselines3)
  Downloading nvidia_cusparse_cu12-12.1.0.106-py3-none-manylinux1_x86_64.whl.metadata (1.6 kB)
Collecting nvidia-nccl-cu12==2.18.1 (from torch>=1.13->stable-baselines3)
  Downloading nvidia_nccl_cu12-2.18.1-py3-none-manylinux1_x86_64.whl.metadata (1.8 kB)
Collecting nvidia-nvtx-cu12==12.1.105 (from torch>=1.13->stable-baselines3)
  Downloading nvidia_nvtx_cu12-12.1.105-py3-none-manylinux1_x86_64.whl.metadata (1.7 kB)
Collecting triton==2.1.0 (from torch>=1.13->stable-baselines3)
  Downloading triton-2.1.0-0-cp39-cp39-manylinux2014_x86_64.manylinux_2_17_x86_64.whl.metadata (1.3 kB)
Collecting nvidia-nvjitlink-cu12 (from nvidia-cusolver-cu12==11.4.5.107->torch>=1.13->stable-baselines3)
  Downloading nvidia_nvjitlink_cu12-12.9.41-py3-none-manylinux2010_x86_64.manylinux_2_12_x86_64.whl.metadata (1.7 kB)
Collecting zipp>=3.20 (from importlib-metadata>=4.8.0->gymnasium)
  Downloading zipp-3.21.0-py3-none-any.whl.metadata (3.7 kB)
Collecting oauthlib>=3.0.0 (from requests-oauthlib>=0.7.0->google-auth-oauthlib<1.1,>=0.5->tensorboard<2.14,>=2.13->tensorflow==2.13.0)
  Downloading oauthlib-3.2.2-py3-none-any.whl.metadata (7.5 kB)
Collecting MarkupSafe>=2.1.1 (from werkzeug>=1.0.1->tensorboard<2.14,>=2.13->tensorflow==2.13.0)
  Downloading MarkupSafe-3.0.2-cp39-cp39-manylinux_2_17_x86_64.manylinux2014_x86_64.whl.metadata (4.0 kB)
Collecting pytz>=2020.1 (from pandas->stable-baselines3)
  Downloading pytz-2025.2-py2.py3-none-any.whl.metadata (22 kB)
Collecting tzdata>=2022.7 (from pandas->stable-baselines3)
  Downloading tzdata-2025.2-py2.py3-none-any.whl.metadata (1.4 kB)
Collecting mpmath<1.4,>=1.1.0 (from sympy->torch>=1.13->stable-baselines3)
  Downloading mpmath-1.3.0-py3-none-any.whl.metadata (8.6 kB)
Downloading tensorflow-2.13.0-cp39-cp39-manylinux_2_17_x86_64.manylinux2014_x86_64.whl (524.1 MB)
   ━━━━━━━━━━━━━━━━━━━━━━━━━━━━━━━━━━━━━━━ 524.1/524.1 MB 138.4 MB/s eta 0:00:00
Downloading numpy-1.24.3-cp39-cp39-manylinux_2_17_x86_64.manylinux2014_x86_64.whl (17.3 MB)
   ━━━━━━━━━━━━━━━━━━━━━━━━━━━━━━━━━━━━━━━━ 17.3/17.3 MB 42.2 MB/s eta 0:00:00
Downloading gast-0.4.0-py3-none-any.whl (9.8 kB)
Downloading grpcio-1.71.0-cp39-cp39-manylinux_2_17_x86_64.manylinux2014_x86_64.whl (5.9 MB)
   ━━━━━━━━━━━━━━━━━━━━━━━━━━━━━━━━━━━━━━━━ 5.9/5.9 MB 314.2 MB/s eta 0:00:00
Downloading keras-2.13.1-py3-none-any.whl (1.7 MB)
   ━━━━━━━━━━━━━━━━━━━━━━━━━━━━━━━━━━━━━━━━ 1.7/1.7 MB 643.6 MB/s eta 0:00:00
Downloading protobuf-4.25.7-cp37-abi3-manylinux2014_x86_64.whl (294 kB)
Downloading tensorboard-2.13.0-py3-none-any.whl (5.6 MB)
   ━━━━━━━━━━━━━━━━━━━━━━━━━━━━━━━━━━━━━━━━ 5.6/5.6 MB 410.9 MB/s eta 0:00:00
Downloading google_auth-2.40.1-py2.py3-none-any.whl (216 kB)
Downloading cachetools-5.5.2-py3-none-any.whl (10 kB)
Downloading google_auth_oauthlib-1.0.0-py2.py3-none-any.whl (18 kB)
Downloading requests-2.32.3-py3-none-any.whl (64 kB)
Downloading charset_normalizer-3.4.2-cp39-cp39-manylinux_2_17_x86_64.manylinux2014_x86_64.whl (149 kB)
Downloading idna-3.10-py3-none-any.whl (70 kB)
Downloading rsa-4.9.1-py3-none-any.whl (34 kB)
Downloading tensorboard_data_server-0.7.2-py3-none-manylinux_2_31_x86_64.whl (6.6 MB)
   ━━━━━━━━━━━━━━━━━━━━━━━━━━━━━━━━━━━━━━━━ 6.6/6.6 MB 413.1 MB/s eta 0:00:00
Downloading tensorflow_estimator-2.13.0-py2.py3-none-any.whl (440 kB)
Downloading typing_extensions-4.5.0-py3-none-any.whl (27 kB)
Downloading urllib3-2.4.0-py3-none-any.whl (128 kB)
Downloading matplotlib-3.9.4-cp39-cp39-manylinux_2_17_x86_64.manylinux2014_x86_64.whl (8.3 MB)
   ━━━━━━━━━━━━━━━━━━━━━━━━━━━━━━━━━━━━━━━━ 8.3/8.3 MB 226.8 MB/s eta 0:00:00
Downloading opencv_python-4.11.0.86-cp37-abi3-manylinux_2_17_x86_64.manylinux2014_x86_64.whl (63.0 MB)
   ━━━━━━━━━━━━━━━━━━━━━━━━━━━━━━━━━━━━━━━━ 63.0/63.0 MB 166.8 MB/s eta 0:00:00
Downloading ale_py-0.11.0-cp39-cp39-manylinux_2_17_x86_64.manylinux2014_x86_64.whl (4.6 MB)
   ━━━━━━━━━━━━━━━━━━━━━━━━━━━━━━━━━━━━━━━━ 4.6/4.6 MB 181.2 MB/s eta 0:00:00
Downloading stable_baselines3-2.4.1-py3-none-any.whl (183 kB)
Downloading gymnasium-1.0.0-py3-none-any.whl (958 kB)
   ━━━━━━━━━━━━━━━━━━━━━━━━━━━━━━━━━━━━━━━ 958.1/958.1 kB 871.7 MB/s eta 0:00:00
Downloading torch-2.1.2-cp39-cp39-manylinux1_x86_64.whl (670.2 MB)
   ━━━━━━━━━━━━━━━━━━━━━━━━━━━━━━━━━━━━━━━ 670.2/670.2 MB 154.9 MB/s eta 0:00:00
Downloading nvidia_cublas_cu12-12.1.3.1-py3-none-manylinux1_x86_64.whl (410.6 MB)
   ━━━━━━━━━━━━━━━━━━━━━━━━━━━━━━━━━━━━━━━ 410.6/410.6 MB 231.7 MB/s eta 0:00:00
Downloading nvidia_cuda_cupti_cu12-12.1.105-py3-none-manylinux1_x86_64.whl (14.1 MB)
   ━━━━━━━━━━━━━━━━━━━━━━━━━━━━━━━━━━━━━━━━ 14.1/14.1 MB 303.7 MB/s eta 0:00:00
Downloading nvidia_cuda_nvrtc_cu12-12.1.105-py3-none-manylinux1_x86_64.whl (23.7 MB)
   ━━━━━━━━━━━━━━━━━━━━━━━━━━━━━━━━━━━━━━━━ 23.7/23.7 MB 298.7 MB/s eta 0:00:00
Downloading nvidia_cuda_runtime_cu12-12.1.105-py3-none-manylinux1_x86_64.whl (823 kB)
   ━━━━━━━━━━━━━━━━━━━━━━━━━━━━━━━━━━━━━━━ 823.6/823.6 kB 900.4 MB/s eta 0:00:00
Downloading nvidia_cudnn_cu12-8.9.2.26-py3-none-manylinux1_x86_64.whl (731.7 MB)
   ━━━━━━━━━━━━━━━━━━━━━━━━━━━━━━━━━━━━━━━ 731.7/731.7 MB 211.9 MB/s eta 0:00:00
Downloading nvidia_cufft_cu12-11.0.2.54-py3-none-manylinux1_x86_64.whl (121.6 MB)
   ━━━━━━━━━━━━━━━━━━━━━━━━━━━━━━━━━━━━━━━ 121.6/121.6 MB 234.6 MB/s eta 0:00:00
Downloading nvidia_curand_cu12-10.3.2.106-py3-none-manylinux1_x86_64.whl (56.5 MB)
   ━━━━━━━━━━━━━━━━━━━━━━━━━━━━━━━━━━━━━━━━ 56.5/56.5 MB 259.6 MB/s eta 0:00:00
Downloading nvidia_cusolver_cu12-11.4.5.107-py3-none-manylinux1_x86_64.whl (124.2 MB)
   ━━━━━━━━━━━━━━━━━━━━━━━━━━━━━━━━━━━━━━━ 124.2/124.2 MB 210.9 MB/s eta 0:00:00
Downloading nvidia_cusparse_cu12-12.1.0.106-py3-none-manylinux1_x86_64.whl (196.0 MB)
   ━━━━━━━━━━━━━━━━━━━━━━━━━━━━━━━━━━━━━━━ 196.0/196.0 MB 149.7 MB/s eta 0:00:00
Downloading nvidia_nccl_cu12-2.18.1-py3-none-manylinux1_x86_64.whl (209.8 MB)
   ━━━━━━━━━━━━━━━━━━━━━━━━━━━━━━━━━━━━━━━ 209.8/209.8 MB 229.7 MB/s eta 0:00:00
Downloading nvidia_nvtx_cu12-12.1.105-py3-none-manylinux1_x86_64.whl (99 kB)
Downloading triton-2.1.0-0-cp39-cp39-manylinux2014_x86_64.manylinux_2_17_x86_64.whl (89.3 MB)
   ━━━━━━━━━━━━━━━━━━━━━━━━━━━━━━━━━━━━━━━━ 89.3/89.3 MB 129.6 MB/s eta 0:00:00
Downloading absl_py-2.2.2-py3-none-any.whl (135 kB)
Downloading astunparse-1.6.3-py2.py3-none-any.whl (12 kB)
Downloading six-1.17.0-py2.py3-none-any.whl (11 kB)
Downloading wheel-0.45.1-py3-none-any.whl (72 kB)
Downloading certifi-2025.4.26-py3-none-any.whl (159 kB)
Downloading cloudpickle-3.1.1-py3-none-any.whl (20 kB)
Downloading contourpy-1.3.0-cp39-cp39-manylinux_2_17_x86_64.manylinux2014_x86_64.whl (321 kB)
Downloading cycler-0.12.1-py3-none-any.whl (8.3 kB)
Downloading Farama_Notifications-0.0.4-py3-none-any.whl (2.5 kB)
Downloading flatbuffers-25.2.10-py2.py3-none-any.whl (30 kB)
Downloading fonttools-4.58.0-cp39-cp39-manylinux_2_17_x86_64.manylinux2014_x86_64.whl (4.7 MB)
   ━━━━━━━━━━━━━━━━━━━━━━━━━━━━━━━━━━━━━━━━ 4.7/4.7 MB 949.9 MB/s eta 0:00:00
Downloading google_pasta-0.2.0-py3-none-any.whl (57 kB)
Downloading h5py-3.13.0-cp39-cp39-manylinux_2_17_x86_64.manylinux2014_x86_64.whl (4.6 MB)
   ━━━━━━━━━━━━━━━━━━━━━━━━━━━━━━━━━━━━━━━━ 4.6/4.6 MB 272.1 MB/s eta 0:00:00
Downloading importlib_metadata-8.7.0-py3-none-any.whl (27 kB)
Downloading importlib_resources-6.5.2-py3-none-any.whl (37 kB)
Downloading kiwisolver-1.4.7-cp39-cp39-manylinux_2_12_x86_64.manylinux2010_x86_64.whl (1.6 MB)
   ━━━━━━━━━━━━━━━━━━━━━━━━━━━━━━━━━━━━━━━━ 1.6/1.6 MB 810.0 MB/s eta 0:00:00
Downloading libclang-18.1.1-py2.py3-none-manylinux2010_x86_64.whl (24.5 MB)
   ━━━━━━━━━━━━━━━━━━━━━━━━━━━━━━━━━━━━━━━━ 24.5/24.5 MB 218.6 MB/s eta 0:00:00
Downloading markdown-3.8-py3-none-any.whl (106 kB)
Downloading opt_einsum-3.4.0-py3-none-any.whl (71 kB)
Downloading packaging-25.0-py3-none-any.whl (66 kB)
Downloading pillow-11.2.1-cp39-cp39-manylinux_2_28_x86_64.whl (4.6 MB)
   ━━━━━━━━━━━━━━━━━━━━━━━━━━━━━━━━━━━━━━━━ 4.6/4.6 MB 224.8 MB/s eta 0:00:00
Downloading pyasn1-0.6.1-py3-none-any.whl (83 kB)
Downloading pyasn1_modules-0.4.2-py3-none-any.whl (181 kB)
Downloading pyparsing-3.2.3-py3-none-any.whl (111 kB)
Downloading python_dateutil-2.9.0.post0-py2.py3-none-any.whl (229 kB)
Downloading requests_oauthlib-2.0.0-py2.py3-none-any.whl (24 kB)
Downloading oauthlib-3.2.2-py3-none-any.whl (151 kB)
Downloading setuptools-80.4.0-py3-none-any.whl (1.2 MB)
   ━━━━━━━━━━━━━━━━━━━━━━━━━━━━━━━━━━━━━━━━ 1.2/1.2 MB 921.9 MB/s eta 0:00:00
Downloading tensorflow_io_gcs_filesystem-0.37.1-cp39-cp39-manylinux_2_17_x86_64.manylinux2014_x86_64.whl (5.1 MB)
   ━━━━━━━━━━━━━━━━━━━━━━━━━━━━━━━━━━━━━━━━ 5.1/5.1 MB 236.5 MB/s eta 0:00:00
Downloading termcolor-3.1.0-py3-none-any.whl (7.7 kB)
Downloading werkzeug-3.1.3-py3-none-any.whl (224 kB)
Downloading MarkupSafe-3.0.2-cp39-cp39-manylinux_2_17_x86_64.manylinux2014_x86_64.whl (20 kB)
Downloading wrapt-1.17.2-cp39-cp39-manylinux_2_5_x86_64.manylinux1_x86_64.manylinux_2_17_x86_64.manylinux2014_x86_64.whl (82 kB)
Downloading zipp-3.21.0-py3-none-any.whl (9.6 kB)
Downloading filelock-3.18.0-py3-none-any.whl (16 kB)
Downloading fsspec-2025.3.2-py3-none-any.whl (194 kB)
Downloading jinja2-3.1.6-py3-none-any.whl (134 kB)
Downloading networkx-3.2.1-py3-none-any.whl (1.6 MB)
   ━━━━━━━━━━━━━━━━━━━━━━━━━━━━━━━━━━━━━━━━ 1.6/1.6 MB 406.0 MB/s eta 0:00:00
Downloading nvidia_nvjitlink_cu12-12.9.41-py3-none-manylinux2010_x86_64.manylinux_2_12_x86_64.whl (39.7 MB)
   ━━━━━━━━━━━━━━━━━━━━━━━━━━━━━━━━━━━━━━━━ 39.7/39.7 MB 231.8 MB/s eta 0:00:00
Downloading pandas-2.2.3-cp39-cp39-manylinux_2_17_x86_64.manylinux2014_x86_64.whl (13.1 MB)
   ━━━━━━━━━━━━━━━━━━━━━━━━━━━━━━━━━━━━━━━━ 13.1/13.1 MB 222.4 MB/s eta 0:00:00
Downloading pytz-2025.2-py2.py3-none-any.whl (509 kB)
Downloading tzdata-2025.2-py2.py3-none-any.whl (347 kB)
Downloading sympy-1.14.0-py3-none-any.whl (6.3 MB)
   ━━━━━━━━━━━━━━━━━━━━━━━━━━━━━━━━━━━━━━━━ 6.3/6.3 MB 566.0 MB/s eta 0:00:00
Downloading mpmath-1.3.0-py3-none-any.whl (536 kB)
   ━━━━━━━━━━━━━━━━━━━━━━━━━━━━━━━━━━━━━━━ 536.2/536.2 kB 819.1 MB/s eta 0:00:00
Installing collected packages: pytz, mpmath, libclang, flatbuffers, farama-notifications, zipp, wrapt, wheel, urllib3, tzdata, typing-extensions, termcolor, tensorflow-io-gcs-filesystem, tensorflow-estimator, tensorboard-data-server, sympy, six, setuptools, pyparsing, pyasn1, protobuf, pillow, packaging, opt-einsum, oauthlib, nvidia-nvtx-cu12, nvidia-nvjitlink-cu12, nvidia-nccl-cu12, nvidia-curand-cu12, nvidia-cufft-cu12, nvidia-cuda-runtime-cu12, nvidia-cuda-nvrtc-cu12, nvidia-cuda-cupti-cu12, nvidia-cublas-cu12, numpy, networkx, MarkupSafe, kiwisolver, keras, idna, grpcio, gast, fsspec, fonttools, filelock, cycler, cloudpickle, charset-normalizer, certifi, cachetools, absl-py, werkzeug, triton, rsa, requests, python-dateutil, pyasn1-modules, opencv-python, nvidia-cusparse-cu12, nvidia-cudnn-cu12, jinja2, importlib-resources, importlib-metadata, h5py, google-pasta, contourpy, astunparse, requests-oauthlib, pandas, nvidia-cusolver-cu12, matplotlib, markdown, gymnasium, google-auth, ale-py, torch, google-auth-oauthlib, tensorboard, stable-baselines3, tensorflow
  Attempting uninstall: pytz
    Found existing installation: pytz 2025.2
    Uninstalling pytz-2025.2:
      Successfully uninstalled pytz-2025.2
  Attempting uninstall: mpmath
    Found existing installation: mpmath 1.3.0
    Uninstalling mpmath-1.3.0:
      Successfully uninstalled mpmath-1.3.0
  Attempting uninstall: libclang
    Found existing installation: libclang 18.1.1
    Uninstalling libclang-18.1.1:
      Successfully uninstalled libclang-18.1.1
  Attempting uninstall: flatbuffers
    Found existing installation: flatbuffers 25.2.10
    Uninstalling flatbuffers-25.2.10:
      Successfully uninstalled flatbuffers-25.2.10
  Attempting uninstall: farama-notifications
    Found existing installation: Farama-Notifications 0.0.4
    Uninstalling Farama-Notifications-0.0.4:
      Successfully uninstalled Farama-Notifications-0.0.4
  Attempting uninstall: zipp
    Found existing installation: zipp 3.21.0
    Uninstalling zipp-3.21.0:
      Successfully uninstalled zipp-3.21.0
  Attempting uninstall: wrapt
    Found existing installation: wrapt 1.17.2
    Uninstalling wrapt-1.17.2:
      Successfully uninstalled wrapt-1.17.2
  Attempting uninstall: wheel
    Found existing installation: wheel 0.45.1
    Uninstalling wheel-0.45.1:
      Successfully uninstalled wheel-0.45.1
  Attempting uninstall: urllib3
    Found existing installation: urllib3 1.26.13
    Uninstalling urllib3-1.26.13:
      Successfully uninstalled urllib3-1.26.13
  Attempting uninstall: tzdata
    Found existing installation: tzdata 2025.2
    Uninstalling tzdata-2025.2:
      Successfully uninstalled tzdata-2025.2
  Attempting uninstall: typing-extensions
    Found existing installation: typing_extensions 4.12.2
    Uninstalling typing_extensions-4.12.2:
      Successfully uninstalled typing_extensions-4.12.2
  Attempting uninstall: termcolor
    Found existing installation: termcolor 3.1.0
    Uninstalling termcolor-3.1.0:
      Successfully uninstalled termcolor-3.1.0
  Attempting uninstall: tensorflow-io-gcs-filesystem
    Found existing installation: tensorflow-io-gcs-filesystem 0.37.1
    Uninstalling tensorflow-io-gcs-filesystem-0.37.1:
      Successfully uninstalled tensorflow-io-gcs-filesystem-0.37.1
  Attempting uninstall: tensorflow-estimator
    Found existing installation: tensorflow-estimator 2.13.0
    Uninstalling tensorflow-estimator-2.13.0:
      Successfully uninstalled tensorflow-estimator-2.13.0
  Attempting uninstall: tensorboard-data-server
    Found existing installation: tensorboard-data-server 0.7.2
    Uninstalling tensorboard-data-server-0.7.2:
      Successfully uninstalled tensorboard-data-server-0.7.2
  Attempting uninstall: sympy
    Found existing installation: sympy 1.13.3
    Uninstalling sympy-1.13.3:
      Successfully uninstalled sympy-1.13.3
  Attempting uninstall: six
    Found existing installation: six 1.17.0
    Uninstalling six-1.17.0:
      Successfully uninstalled six-1.17.0
  Attempting uninstall: setuptools
    Found existing installation: setuptools 80.4.0
    Uninstalling setuptools-80.4.0:
      Successfully uninstalled setuptools-80.4.0
  Attempting uninstall: pyparsing
    Found existing installation: pyparsing 3.2.3
    Uninstalling pyparsing-3.2.3:
      Successfully uninstalled pyparsing-3.2.3
  Attempting uninstall: pyasn1
    Found existing installation: pyasn1 0.6.1
    Uninstalling pyasn1-0.6.1:
      Successfully uninstalled pyasn1-0.6.1
  Attempting uninstall: protobuf
    Found existing installation: protobuf 4.25.7
    Uninstalling protobuf-4.25.7:
      Successfully uninstalled protobuf-4.25.7
  Attempting uninstall: pillow
    Found existing installation: pillow 11.0.0
    Uninstalling pillow-11.0.0:
      Successfully uninstalled pillow-11.0.0
  Attempting uninstall: packaging
    Found existing installation: packaging 25.0
    Uninstalling packaging-25.0:
      Successfully uninstalled packaging-25.0
  Attempting uninstall: opt-einsum
    Found existing installation: opt_einsum 3.4.0
    Uninstalling opt_einsum-3.4.0:
      Successfully uninstalled opt_einsum-3.4.0
  Attempting uninstall: oauthlib
    Found existing installation: oauthlib 3.2.2
    Uninstalling oauthlib-3.2.2:
      Successfully uninstalled oauthlib-3.2.2
  Attempting uninstall: nvidia-nvtx-cu12
    Found existing installation: nvidia-nvtx-cu12 12.1.105
    Uninstalling nvidia-nvtx-cu12-12.1.105:
      Successfully uninstalled nvidia-nvtx-cu12-12.1.105
  Attempting uninstall: nvidia-nvjitlink-cu12
    Found existing installation: nvidia-nvjitlink-cu12 12.9.41
    Uninstalling nvidia-nvjitlink-cu12-12.9.41:
      Successfully uninstalled nvidia-nvjitlink-cu12-12.9.41
  Attempting uninstall: nvidia-nccl-cu12
    Found existing installation: nvidia-nccl-cu12 2.18.1
    Uninstalling nvidia-nccl-cu12-2.18.1:
      Successfully uninstalled nvidia-nccl-cu12-2.18.1
  Attempting uninstall: nvidia-curand-cu12
    Found existing installation: nvidia-curand-cu12 10.3.2.106
    Uninstalling nvidia-curand-cu12-10.3.2.106:
      Successfully uninstalled nvidia-curand-cu12-10.3.2.106
  Attempting uninstall: nvidia-cufft-cu12
    Found existing installation: nvidia-cufft-cu12 11.0.2.54
    Uninstalling nvidia-cufft-cu12-11.0.2.54:
      Successfully uninstalled nvidia-cufft-cu12-11.0.2.54
  Attempting uninstall: nvidia-cuda-runtime-cu12
    Found existing installation: nvidia-cuda-runtime-cu12 12.1.105
    Uninstalling nvidia-cuda-runtime-cu12-12.1.105:
      Successfully uninstalled nvidia-cuda-runtime-cu12-12.1.105
  Attempting uninstall: nvidia-cuda-nvrtc-cu12
    Found existing installation: nvidia-cuda-nvrtc-cu12 12.1.105
    Uninstalling nvidia-cuda-nvrtc-cu12-12.1.105:
      Successfully uninstalled nvidia-cuda-nvrtc-cu12-12.1.105
  Attempting uninstall: nvidia-cuda-cupti-cu12
    Found existing installation: nvidia-cuda-cupti-cu12 12.1.105
    Uninstalling nvidia-cuda-cupti-cu12-12.1.105:
      Successfully uninstalled nvidia-cuda-cupti-cu12-12.1.105
  Attempting uninstall: nvidia-cublas-cu12
    Found existing installation: nvidia-cublas-cu12 12.1.3.1
    Uninstalling nvidia-cublas-cu12-12.1.3.1:
      Successfully uninstalled nvidia-cublas-cu12-12.1.3.1
  Attempting uninstall: numpy
    Found existing installation: numpy 1.26.3
    Uninstalling numpy-1.26.3:
      Successfully uninstalled numpy-1.26.3
  Attempting uninstall: networkx
    Found existing installation: networkx 3.2.1
    Uninstalling networkx-3.2.1:
      Successfully uninstalled networkx-3.2.1
  Attempting uninstall: MarkupSafe
    Found existing installation: MarkupSafe 2.1.5
    Uninstalling MarkupSafe-2.1.5:
      Successfully uninstalled MarkupSafe-2.1.5
  Attempting uninstall: kiwisolver
    Found existing installation: kiwisolver 1.4.7
    Uninstalling kiwisolver-1.4.7:
      Successfully uninstalled kiwisolver-1.4.7
  Attempting uninstall: keras
    Found existing installation: keras 2.13.1
    Uninstalling keras-2.13.1:
      Successfully uninstalled keras-2.13.1
  Attempting uninstall: idna
    Found existing installation: idna 3.4
    Uninstalling idna-3.4:
      Successfully uninstalled idna-3.4
  Attempting uninstall: grpcio
    Found existing installation: grpcio 1.71.0
    Uninstalling grpcio-1.71.0:
      Successfully uninstalled grpcio-1.71.0
  Attempting uninstall: gast
    Found existing installation: gast 0.4.0
    Uninstalling gast-0.4.0:
      Successfully uninstalled gast-0.4.0
  Attempting uninstall: fsspec
    Found existing installation: fsspec 2025.3.2
    Uninstalling fsspec-2025.3.2:
      Successfully uninstalled fsspec-2025.3.2
  Attempting uninstall: fonttools
    Found existing installation: fonttools 4.58.0
    Uninstalling fonttools-4.58.0:
      Successfully uninstalled fonttools-4.58.0
  Attempting uninstall: filelock
    Found existing installation: filelock 3.13.1
    Uninstalling filelock-3.13.1:
      Successfully uninstalled filelock-3.13.1
  Attempting uninstall: cycler
    Found existing installation: cycler 0.12.1
    Uninstalling cycler-0.12.1:
      Successfully uninstalled cycler-0.12.1
  Attempting uninstall: cloudpickle
    Found existing installation: cloudpickle 3.1.1
    Uninstalling cloudpickle-3.1.1:
      Successfully uninstalled cloudpickle-3.1.1
  Attempting uninstall: charset-normalizer
    Found existing installation: charset-normalizer 2.1.1
    Uninstalling charset-normalizer-2.1.1:
      Successfully uninstalled charset-normalizer-2.1.1
  Attempting uninstall: certifi
    Found existing installation: certifi 2022.12.7
    Uninstalling certifi-2022.12.7:
      Successfully uninstalled certifi-2022.12.7
  Attempting uninstall: cachetools
    Found existing installation: cachetools 5.5.2
    Uninstalling cachetools-5.5.2:
      Successfully uninstalled cachetools-5.5.2
  Attempting uninstall: absl-py
    Found existing installation: absl-py 2.2.2
    Uninstalling absl-py-2.2.2:
      Successfully uninstalled absl-py-2.2.2
  Attempting uninstall: werkzeug
    Found existing installation: Werkzeug 3.1.3
    Uninstalling Werkzeug-3.1.3:
      Successfully uninstalled Werkzeug-3.1.3
  Attempting uninstall: triton
    Found existing installation: triton 2.0.0
    Uninstalling triton-2.0.0:
      Successfully uninstalled triton-2.0.0
  Attempting uninstall: rsa
    Found existing installation: rsa 4.9.1
    Uninstalling rsa-4.9.1:
      Successfully uninstalled rsa-4.9.1
  Attempting uninstall: requests
    Found existing installation: requests 2.28.1
    Uninstalling requests-2.28.1:
      Successfully uninstalled requests-2.28.1
  Attempting uninstall: python-dateutil
    Found existing installation: python-dateutil 2.9.0.post0
    Uninstalling python-dateutil-2.9.0.post0:
      Successfully uninstalled python-dateutil-2.9.0.post0
  Attempting uninstall: pyasn1-modules
    Found existing installation: pyasn1_modules 0.4.2
    Uninstalling pyasn1_modules-0.4.2:
      Successfully uninstalled pyasn1_modules-0.4.2
  Attempting uninstall: opencv-python
    Found existing installation: opencv-python 4.11.0.86
    Uninstalling opencv-python-4.11.0.86:
      Successfully uninstalled opencv-python-4.11.0.86
  Attempting uninstall: nvidia-cusparse-cu12
    Found existing installation: nvidia-cusparse-cu12 12.1.0.106
    Uninstalling nvidia-cusparse-cu12-12.1.0.106:
      Successfully uninstalled nvidia-cusparse-cu12-12.1.0.106
  Attempting uninstall: nvidia-cudnn-cu12
    Found existing installation: nvidia-cudnn-cu12 8.9.2.26
    Uninstalling nvidia-cudnn-cu12-8.9.2.26:
      Successfully uninstalled nvidia-cudnn-cu12-8.9.2.26
  Attempting uninstall: jinja2
    Found existing installation: Jinja2 3.1.4
    Uninstalling Jinja2-3.1.4:
      Successfully uninstalled Jinja2-3.1.4
  Attempting uninstall: importlib-resources
    Found existing installation: importlib_resources 6.5.2
    Uninstalling importlib_resources-6.5.2:
      Successfully uninstalled importlib_resources-6.5.2
  Attempting uninstall: importlib-metadata
    Found existing installation: importlib_metadata 8.7.0
    Uninstalling importlib_metadata-8.7.0:
      Successfully uninstalled importlib_metadata-8.7.0
  Attempting uninstall: h5py
    Found existing installation: h5py 3.13.0
    Uninstalling h5py-3.13.0:
      Successfully uninstalled h5py-3.13.0
  Attempting uninstall: google-pasta
    Found existing installation: google-pasta 0.2.0
    Uninstalling google-pasta-0.2.0:
      Successfully uninstalled google-pasta-0.2.0
  Attempting uninstall: contourpy
    Found existing installation: contourpy 1.3.0
    Uninstalling contourpy-1.3.0:
      Successfully uninstalled contourpy-1.3.0
  Attempting uninstall: astunparse
    Found existing installation: astunparse 1.6.3
    Uninstalling astunparse-1.6.3:
      Successfully uninstalled astunparse-1.6.3
  Attempting uninstall: requests-oauthlib
    Found existing installation: requests-oauthlib 2.0.0
    Uninstalling requests-oauthlib-2.0.0:
      Successfully uninstalled requests-oauthlib-2.0.0
  Attempting uninstall: pandas
    Found existing installation: pandas 2.2.3
    Uninstalling pandas-2.2.3:
      Successfully uninstalled pandas-2.2.3
  Attempting uninstall: nvidia-cusolver-cu12
    Found existing installation: nvidia-cusolver-cu12 11.4.5.107
    Uninstalling nvidia-cusolver-cu12-11.4.5.107:
      Successfully uninstalled nvidia-cusolver-cu12-11.4.5.107
  Attempting uninstall: matplotlib
    Found existing installation: matplotlib 3.9.4
    Uninstalling matplotlib-3.9.4:
      Successfully uninstalled matplotlib-3.9.4
  Attempting uninstall: markdown
    Found existing installation: Markdown 3.8
    Uninstalling Markdown-3.8:
      Successfully uninstalled Markdown-3.8
  Attempting uninstall: gymnasium
    Found existing installation: gymnasium 1.0.0
    Uninstalling gymnasium-1.0.0:
      Successfully uninstalled gymnasium-1.0.0
  Attempting uninstall: google-auth
    Found existing installation: google-auth 2.40.1
    Uninstalling google-auth-2.40.1:
      Successfully uninstalled google-auth-2.40.1
  Attempting uninstall: ale-py
    Found existing installation: ale-py 0.11.0
    Uninstalling ale-py-0.11.0:
      Successfully uninstalled ale-py-0.11.0
  Attempting uninstall: torch
    Found existing installation: torch 2.0.1+cu118
    Uninstalling torch-2.0.1+cu118:
      Successfully uninstalled torch-2.0.1+cu118
  Attempting uninstall: google-auth-oauthlib
    Found existing installation: google-auth-oauthlib 1.0.0
    Uninstalling google-auth-oauthlib-1.0.0:
      Successfully uninstalled google-auth-oauthlib-1.0.0
  Attempting uninstall: tensorboard
    Found existing installation: tensorboard 2.13.0
    Uninstalling tensorboard-2.13.0:
      Successfully uninstalled tensorboard-2.13.0
  Attempting uninstall: stable-baselines3
    Found existing installation: stable_baselines3 2.4.1
    Uninstalling stable_baselines3-2.4.1:
      Successfully uninstalled stable_baselines3-2.4.1
  Attempting uninstall: tensorflow
    Found existing installation: tensorflow 2.13.0
    Uninstalling tensorflow-2.13.0:
      Successfully uninstalled tensorflow-2.13.0

Successfully installed MarkupSafe-2.1.5 absl-py-2.2.2 ale-py-0.11.0 astunparse-1.6.3 cachetools-5.5.2 certifi-2022.12.7 charset-normalizer-2.1.1 cloudpickle-3.1.1 contourpy-1.3.0 cycler-0.12.1 farama-notifications-0.0.4 filelock-3.13.1 flatbuffers-25.2.10 fonttools-4.58.0 fsspec-2025.3.2 gast-0.4.0 google-auth-2.40.1 google-auth-oauthlib-1.0.0 google-pasta-0.2.0 grpcio-1.71.0 gymnasium-1.0.0 h5py-3.13.0 idna-3.4 importlib-metadata-8.7.0 importlib-resources-6.5.2 jinja2-3.1.4 keras-2.13.1 kiwisolver-1.4.7 libclang-18.1.1 markdown-3.8 matplotlib-3.9.4 mpmath-1.3.0 networkx-3.2.1 numpy-1.26.3 nvidia-cublas-cu12-12.1.3.1 nvidia-cuda-cupti-cu12-12.1.105 nvidia-cuda-nvrtc-cu12-12.1.105 nvidia-cuda-runtime-cu12-12.1.105 nvidia-cudnn-cu12-8.9.2.26 nvidia-cufft-cu12-11.0.2.54 nvidia-curand-cu12-10.3.2.106 nvidia-cusolver-cu12-11.4.5.107 nvidia-cusparse-cu12-12.1.0.106 nvidia-nccl-cu12-2.18.1 nvidia-nvjitlink-cu12-12.9.41 nvidia-nvtx-cu12-12.1.105 oauthlib-3.2.2 opencv-python-4.11.0.86 opt-einsum-3.4.0 packaging-25.0 pandas-2.2.3 pillow-11.0.0 protobuf-4.25.7 pyasn1-0.6.1 pyasn1-modules-0.4.2 pyparsing-3.2.3 python-dateutil-2.9.0.post0 pytz-2025.2 requests-2.28.1 requests-oauthlib-2.0.0 rsa-4.9.1 setuptools-80.4.0 six-1.17.0 stable-baselines3-2.4.1 sympy-1.13.3 tensorboard-2.13.0 tensorboard-data-server-0.7.2 tensorflow-2.13.0 tensorflow-estimator-2.13.0 tensorflow-io-gcs-filesystem-0.37.1 termcolor-3.1.0 torch-2.1.2 triton-2.0.0 typing-extensions-4.12.2 tzdata-2025.2 urllib3-1.26.13 werkzeug-3.1.3 wheel-0.45.1 wrapt-1.17.2 zipp-3.21.0
Dependency installation finished.
Running Python script...
episode: 0/1000, score: -20.0, average: -20.00 SAVING
 1/32 [..............................] - ETA: 2s14/32 [============>.................] - ETA: 0s29/32 [==========================>...] - ETA: 0s32/32 [==============================] - 0s 4ms/step
episode: 1/1000, score: -21.0, average: -20.50 
 1/28 [>.............................] - ETA: 0s14/28 [==============>...............] - ETA: 0s28/28 [==============================] - 0s 4ms/step
episode: 2/1000, score: -21.0, average: -20.67 
 1/25 [>.............................] - ETA: 0s15/25 [=================>............] - ETA: 0s25/25 [==============================] - 0s 4ms/step
episode: 3/1000, score: -20.0, average: -20.50 
 1/33 [..............................] - ETA: 0s14/33 [===========>..................] - ETA: 0s30/33 [==========================>...] - ETA: 0s33/33 [==============================] - 0s 3ms/step
episode: 4/1000, score: -21.0, average: -20.60 
 1/25 [>.............................] - ETA: 0s16/25 [==================>...........] - ETA: 0s25/25 [==============================] - 0s 3ms/step
episode: 5/1000, score: -21.0, average: -20.67 
 1/25 [>.............................] - ETA: 0s16/25 [==================>...........] - ETA: 0s25/25 [==============================] - 0s 3ms/step
episode: 6/1000, score: -21.0, average: -20.71 
 1/26 [>.............................] - ETA: 0s16/26 [=================>............] - ETA: 0s26/26 [==============================] - 0s 4ms/step
episode: 7/1000, score: -20.0, average: -20.62 
 1/29 [>.............................] - ETA: 0s15/29 [==============>...............] - ETA: 0s29/29 [==============================] - 0s 4ms/step
episode: 8/1000, score: -20.0, average: -20.56 
 1/31 [..............................] - ETA: 0s14/31 [============>.................] - ETA: 0s30/31 [============================>.] - ETA: 0s31/31 [==============================] - 0s 4ms/step
episode: 9/1000, score: -19.0, average: -20.40 
 1/29 [>.............................] - ETA: 0s15/29 [==============>...............] - ETA: 0s29/29 [==============================] - 0s 3ms/step
episode: 10/1000, score: -20.0, average: -20.36 
 1/27 [>.............................] - ETA: 0s15/27 [===============>..............] - ETA: 0s27/27 [==============================] - 0s 3ms/step
episode: 11/1000, score: -21.0, average: -20.42 
 1/26 [>.............................] - ETA: 0s15/26 [================>.............] - ETA: 0s26/26 [==============================] - 0s 4ms/step

JOB STATISTICS
==============
Job ID: 11762110
Cluster: snellius
User/Group: apiaghiardelli/apiaghiardelli
State: CANCELLED (exit code 0)
Nodes: 1
Cores per node: 18
CPU Utilized: 00:00:00
CPU Efficiency: 0.00% of 04:24:36 core-walltime
Job Wall-clock time: 00:14:42
Memory Utilized: 0.00 MB
Memory Efficiency: 0.00% of 64.00 GB (64.00 GB/node)
