Defaulting to user installation because normal site-packages is not writeable
Looking in links: /scratch-local/apiaghiardelli.11760869/tmpwwuaut7l
Requirement already satisfied: setuptools in /gpfs/home6/apiaghiardelli/.local/lib/python3.9/site-packages (80.4.0)
Requirement already satisfied: pip in /gpfs/home6/apiaghiardelli/.local/lib/python3.9/site-packages (25.1.1)
Defaulting to user installation because normal site-packages is not writeable
Collecting tensorflow>=2.0 (from -r requirements.txt (line 1))
  Downloading tensorflow-2.19.0-cp39-cp39-manylinux_2_17_x86_64.manylinux2014_x86_64.whl.metadata (4.1 kB)
Collecting numpy (from -r requirements.txt (line 2))
  Downloading numpy-2.0.2-cp39-cp39-manylinux_2_17_x86_64.manylinux2014_x86_64.whl.metadata (60 kB)
Collecting matplotlib (from -r requirements.txt (line 3))
  Downloading matplotlib-3.9.4-cp39-cp39-manylinux_2_17_x86_64.manylinux2014_x86_64.whl.metadata (11 kB)
Collecting opencv-python (from -r requirements.txt (line 4))
  Downloading opencv_python-4.11.0.86-cp37-abi3-manylinux_2_17_x86_64.manylinux2014_x86_64.whl.metadata (20 kB)
Collecting gymnasium (from -r requirements.txt (line 5))
  Downloading gymnasium-1.1.1-py3-none-any.whl.metadata (9.4 kB)
Collecting ale-py (from -r requirements.txt (line 6))
  Downloading ale_py-0.11.0-cp39-cp39-manylinux_2_17_x86_64.manylinux2014_x86_64.whl.metadata (8.2 kB)
Collecting stable-baselines3 (from -r requirements.txt (line 7))
  Downloading stable_baselines3-2.6.0-py3-none-any.whl.metadata (4.8 kB)
Collecting torch (from -r requirements.txt (line 8))
  Downloading torch-2.7.0-cp39-cp39-manylinux_2_28_x86_64.whl.metadata (29 kB)
Collecting absl-py>=1.0.0 (from tensorflow>=2.0->-r requirements.txt (line 1))
  Downloading absl_py-2.2.2-py3-none-any.whl.metadata (2.6 kB)
Collecting astunparse>=1.6.0 (from tensorflow>=2.0->-r requirements.txt (line 1))
  Downloading astunparse-1.6.3-py2.py3-none-any.whl.metadata (4.4 kB)
Collecting flatbuffers>=24.3.25 (from tensorflow>=2.0->-r requirements.txt (line 1))
  Downloading flatbuffers-25.2.10-py2.py3-none-any.whl.metadata (875 bytes)
Collecting gast!=0.5.0,!=0.5.1,!=0.5.2,>=0.2.1 (from tensorflow>=2.0->-r requirements.txt (line 1))
  Downloading gast-0.6.0-py3-none-any.whl.metadata (1.3 kB)
Collecting google-pasta>=0.1.1 (from tensorflow>=2.0->-r requirements.txt (line 1))
  Downloading google_pasta-0.2.0-py3-none-any.whl.metadata (814 bytes)
Collecting libclang>=13.0.0 (from tensorflow>=2.0->-r requirements.txt (line 1))
  Downloading libclang-18.1.1-py2.py3-none-manylinux2010_x86_64.whl.metadata (5.2 kB)
Collecting opt-einsum>=2.3.2 (from tensorflow>=2.0->-r requirements.txt (line 1))
  Downloading opt_einsum-3.4.0-py3-none-any.whl.metadata (6.3 kB)
Collecting packaging (from tensorflow>=2.0->-r requirements.txt (line 1))
  Downloading packaging-25.0-py3-none-any.whl.metadata (3.3 kB)
Collecting protobuf!=4.21.0,!=4.21.1,!=4.21.2,!=4.21.3,!=4.21.4,!=4.21.5,<6.0.0dev,>=3.20.3 (from tensorflow>=2.0->-r requirements.txt (line 1))
  Downloading protobuf-5.29.4-cp38-abi3-manylinux2014_x86_64.whl.metadata (592 bytes)
Collecting requests<3,>=2.21.0 (from tensorflow>=2.0->-r requirements.txt (line 1))
  Downloading requests-2.32.3-py3-none-any.whl.metadata (4.6 kB)
Collecting setuptools (from tensorflow>=2.0->-r requirements.txt (line 1))
  Downloading setuptools-80.4.0-py3-none-any.whl.metadata (6.5 kB)
Collecting six>=1.12.0 (from tensorflow>=2.0->-r requirements.txt (line 1))
  Downloading six-1.17.0-py2.py3-none-any.whl.metadata (1.7 kB)
Collecting termcolor>=1.1.0 (from tensorflow>=2.0->-r requirements.txt (line 1))
  Downloading termcolor-3.1.0-py3-none-any.whl.metadata (6.4 kB)
Collecting typing-extensions>=3.6.6 (from tensorflow>=2.0->-r requirements.txt (line 1))
  Downloading typing_extensions-4.13.2-py3-none-any.whl.metadata (3.0 kB)
Collecting wrapt>=1.11.0 (from tensorflow>=2.0->-r requirements.txt (line 1))
  Downloading wrapt-1.17.2-cp39-cp39-manylinux_2_5_x86_64.manylinux1_x86_64.manylinux_2_17_x86_64.manylinux2014_x86_64.whl.metadata (6.4 kB)
Collecting grpcio<2.0,>=1.24.3 (from tensorflow>=2.0->-r requirements.txt (line 1))
  Downloading grpcio-1.71.0-cp39-cp39-manylinux_2_17_x86_64.manylinux2014_x86_64.whl.metadata (3.8 kB)
Collecting tensorboard~=2.19.0 (from tensorflow>=2.0->-r requirements.txt (line 1))
  Downloading tensorboard-2.19.0-py3-none-any.whl.metadata (1.8 kB)
Collecting keras>=3.5.0 (from tensorflow>=2.0->-r requirements.txt (line 1))
  Downloading keras-3.9.2-py3-none-any.whl.metadata (6.1 kB)
Collecting h5py>=3.11.0 (from tensorflow>=2.0->-r requirements.txt (line 1))
  Downloading h5py-3.13.0-cp39-cp39-manylinux_2_17_x86_64.manylinux2014_x86_64.whl.metadata (2.5 kB)
Collecting ml-dtypes<1.0.0,>=0.5.1 (from tensorflow>=2.0->-r requirements.txt (line 1))
  Downloading ml_dtypes-0.5.1-cp39-cp39-manylinux_2_17_x86_64.manylinux2014_x86_64.whl.metadata (21 kB)
Collecting tensorflow-io-gcs-filesystem>=0.23.1 (from tensorflow>=2.0->-r requirements.txt (line 1))
  Downloading tensorflow_io_gcs_filesystem-0.37.1-cp39-cp39-manylinux_2_17_x86_64.manylinux2014_x86_64.whl.metadata (14 kB)
Collecting charset-normalizer<4,>=2 (from requests<3,>=2.21.0->tensorflow>=2.0->-r requirements.txt (line 1))
  Downloading charset_normalizer-3.4.2-cp39-cp39-manylinux_2_17_x86_64.manylinux2014_x86_64.whl.metadata (35 kB)
Collecting idna<4,>=2.5 (from requests<3,>=2.21.0->tensorflow>=2.0->-r requirements.txt (line 1))
  Downloading idna-3.10-py3-none-any.whl.metadata (10 kB)
Collecting urllib3<3,>=1.21.1 (from requests<3,>=2.21.0->tensorflow>=2.0->-r requirements.txt (line 1))
  Downloading urllib3-2.4.0-py3-none-any.whl.metadata (6.5 kB)
Collecting certifi>=2017.4.17 (from requests<3,>=2.21.0->tensorflow>=2.0->-r requirements.txt (line 1))
  Downloading certifi-2025.4.26-py3-none-any.whl.metadata (2.5 kB)
Collecting markdown>=2.6.8 (from tensorboard~=2.19.0->tensorflow>=2.0->-r requirements.txt (line 1))
  Downloading markdown-3.8-py3-none-any.whl.metadata (5.1 kB)
Collecting tensorboard-data-server<0.8.0,>=0.7.0 (from tensorboard~=2.19.0->tensorflow>=2.0->-r requirements.txt (line 1))
  Downloading tensorboard_data_server-0.7.2-py3-none-manylinux_2_31_x86_64.whl.metadata (1.1 kB)
Collecting werkzeug>=1.0.1 (from tensorboard~=2.19.0->tensorflow>=2.0->-r requirements.txt (line 1))
  Downloading werkzeug-3.1.3-py3-none-any.whl.metadata (3.7 kB)
Collecting contourpy>=1.0.1 (from matplotlib->-r requirements.txt (line 3))
  Downloading contourpy-1.3.0-cp39-cp39-manylinux_2_17_x86_64.manylinux2014_x86_64.whl.metadata (5.4 kB)
Collecting cycler>=0.10 (from matplotlib->-r requirements.txt (line 3))
  Downloading cycler-0.12.1-py3-none-any.whl.metadata (3.8 kB)
Collecting fonttools>=4.22.0 (from matplotlib->-r requirements.txt (line 3))
  Downloading fonttools-4.58.0-cp39-cp39-manylinux_2_17_x86_64.manylinux2014_x86_64.whl.metadata (104 kB)
Collecting kiwisolver>=1.3.1 (from matplotlib->-r requirements.txt (line 3))
  Downloading kiwisolver-1.4.7-cp39-cp39-manylinux_2_12_x86_64.manylinux2010_x86_64.whl.metadata (6.3 kB)
Collecting pillow>=8 (from matplotlib->-r requirements.txt (line 3))
  Downloading pillow-11.2.1-cp39-cp39-manylinux_2_28_x86_64.whl.metadata (8.9 kB)
Collecting pyparsing>=2.3.1 (from matplotlib->-r requirements.txt (line 3))
  Downloading pyparsing-3.2.3-py3-none-any.whl.metadata (5.0 kB)
Collecting python-dateutil>=2.7 (from matplotlib->-r requirements.txt (line 3))
  Downloading python_dateutil-2.9.0.post0-py2.py3-none-any.whl.metadata (8.4 kB)
Collecting importlib-resources>=3.2.0 (from matplotlib->-r requirements.txt (line 3))
  Downloading importlib_resources-6.5.2-py3-none-any.whl.metadata (3.9 kB)
Collecting cloudpickle>=1.2.0 (from gymnasium->-r requirements.txt (line 5))
  Downloading cloudpickle-3.1.1-py3-none-any.whl.metadata (7.1 kB)
Collecting importlib-metadata>=4.8.0 (from gymnasium->-r requirements.txt (line 5))
  Downloading importlib_metadata-8.7.0-py3-none-any.whl.metadata (4.8 kB)
Collecting farama-notifications>=0.0.1 (from gymnasium->-r requirements.txt (line 5))
  Downloading Farama_Notifications-0.0.4-py3-none-any.whl.metadata (558 bytes)
Collecting pandas (from stable-baselines3->-r requirements.txt (line 7))
  Downloading pandas-2.2.3-cp39-cp39-manylinux_2_17_x86_64.manylinux2014_x86_64.whl.metadata (89 kB)
Collecting filelock (from torch->-r requirements.txt (line 8))
  Downloading filelock-3.18.0-py3-none-any.whl.metadata (2.9 kB)
Collecting sympy>=1.13.3 (from torch->-r requirements.txt (line 8))
  Downloading sympy-1.14.0-py3-none-any.whl.metadata (12 kB)
Collecting networkx (from torch->-r requirements.txt (line 8))
  Downloading networkx-3.2.1-py3-none-any.whl.metadata (5.2 kB)
Collecting jinja2 (from torch->-r requirements.txt (line 8))
  Downloading jinja2-3.1.6-py3-none-any.whl.metadata (2.9 kB)
Collecting fsspec (from torch->-r requirements.txt (line 8))
  Downloading fsspec-2025.3.2-py3-none-any.whl.metadata (11 kB)
Collecting nvidia-cuda-nvrtc-cu12==12.6.77 (from torch->-r requirements.txt (line 8))
  Downloading nvidia_cuda_nvrtc_cu12-12.6.77-py3-none-manylinux2014_x86_64.whl.metadata (1.5 kB)
Collecting nvidia-cuda-runtime-cu12==12.6.77 (from torch->-r requirements.txt (line 8))
  Downloading nvidia_cuda_runtime_cu12-12.6.77-py3-none-manylinux2014_x86_64.manylinux_2_17_x86_64.whl.metadata (1.5 kB)
Collecting nvidia-cuda-cupti-cu12==12.6.80 (from torch->-r requirements.txt (line 8))
  Downloading nvidia_cuda_cupti_cu12-12.6.80-py3-none-manylinux2014_x86_64.manylinux_2_17_x86_64.whl.metadata (1.6 kB)
Collecting nvidia-cudnn-cu12==9.5.1.17 (from torch->-r requirements.txt (line 8))
  Downloading nvidia_cudnn_cu12-9.5.1.17-py3-none-manylinux_2_28_x86_64.whl.metadata (1.6 kB)
Collecting nvidia-cublas-cu12==12.6.4.1 (from torch->-r requirements.txt (line 8))
  Downloading nvidia_cublas_cu12-12.6.4.1-py3-none-manylinux2014_x86_64.manylinux_2_17_x86_64.whl.metadata (1.5 kB)
Collecting nvidia-cufft-cu12==11.3.0.4 (from torch->-r requirements.txt (line 8))
  Downloading nvidia_cufft_cu12-11.3.0.4-py3-none-manylinux2014_x86_64.manylinux_2_17_x86_64.whl.metadata (1.5 kB)
Collecting nvidia-curand-cu12==10.3.7.77 (from torch->-r requirements.txt (line 8))
  Downloading nvidia_curand_cu12-10.3.7.77-py3-none-manylinux2014_x86_64.manylinux_2_17_x86_64.whl.metadata (1.5 kB)
Collecting nvidia-cusolver-cu12==11.7.1.2 (from torch->-r requirements.txt (line 8))
  Downloading nvidia_cusolver_cu12-11.7.1.2-py3-none-manylinux2014_x86_64.manylinux_2_17_x86_64.whl.metadata (1.6 kB)
Collecting nvidia-cusparse-cu12==12.5.4.2 (from torch->-r requirements.txt (line 8))
  Downloading nvidia_cusparse_cu12-12.5.4.2-py3-none-manylinux2014_x86_64.manylinux_2_17_x86_64.whl.metadata (1.6 kB)
Collecting nvidia-cusparselt-cu12==0.6.3 (from torch->-r requirements.txt (line 8))
  Downloading nvidia_cusparselt_cu12-0.6.3-py3-none-manylinux2014_x86_64.whl.metadata (6.8 kB)
Collecting nvidia-nccl-cu12==2.26.2 (from torch->-r requirements.txt (line 8))
  Downloading nvidia_nccl_cu12-2.26.2-py3-none-manylinux2014_x86_64.manylinux_2_17_x86_64.whl.metadata (2.0 kB)
Collecting nvidia-nvtx-cu12==12.6.77 (from torch->-r requirements.txt (line 8))
  Downloading nvidia_nvtx_cu12-12.6.77-py3-none-manylinux2014_x86_64.manylinux_2_17_x86_64.whl.metadata (1.6 kB)
Collecting nvidia-nvjitlink-cu12==12.6.85 (from torch->-r requirements.txt (line 8))
  Downloading nvidia_nvjitlink_cu12-12.6.85-py3-none-manylinux2010_x86_64.manylinux_2_12_x86_64.whl.metadata (1.5 kB)
Collecting nvidia-cufile-cu12==1.11.1.6 (from torch->-r requirements.txt (line 8))
  Downloading nvidia_cufile_cu12-1.11.1.6-py3-none-manylinux2014_x86_64.manylinux_2_17_x86_64.whl.metadata (1.5 kB)
Collecting triton==3.3.0 (from torch->-r requirements.txt (line 8))
  Downloading triton-3.3.0-cp39-cp39-manylinux_2_27_x86_64.manylinux_2_28_x86_64.whl.metadata (1.5 kB)
Collecting wheel<1.0,>=0.23.0 (from astunparse>=1.6.0->tensorflow>=2.0->-r requirements.txt (line 1))
  Downloading wheel-0.45.1-py3-none-any.whl.metadata (2.3 kB)
Collecting zipp>=3.20 (from importlib-metadata>=4.8.0->gymnasium->-r requirements.txt (line 5))
  Downloading zipp-3.21.0-py3-none-any.whl.metadata (3.7 kB)
Collecting rich (from keras>=3.5.0->tensorflow>=2.0->-r requirements.txt (line 1))
  Downloading rich-14.0.0-py3-none-any.whl.metadata (18 kB)
Collecting namex (from keras>=3.5.0->tensorflow>=2.0->-r requirements.txt (line 1))
  Downloading namex-0.0.9-py3-none-any.whl.metadata (322 bytes)
Collecting optree (from keras>=3.5.0->tensorflow>=2.0->-r requirements.txt (line 1))
  Downloading optree-0.15.0-cp39-cp39-manylinux_2_17_x86_64.manylinux2014_x86_64.whl.metadata (48 kB)
Collecting mpmath<1.4,>=1.1.0 (from sympy>=1.13.3->torch->-r requirements.txt (line 8))
  Downloading mpmath-1.3.0-py3-none-any.whl.metadata (8.6 kB)
Collecting MarkupSafe>=2.1.1 (from werkzeug>=1.0.1->tensorboard~=2.19.0->tensorflow>=2.0->-r requirements.txt (line 1))
  Downloading MarkupSafe-3.0.2-cp39-cp39-manylinux_2_17_x86_64.manylinux2014_x86_64.whl.metadata (4.0 kB)
Collecting pytz>=2020.1 (from pandas->stable-baselines3->-r requirements.txt (line 7))
  Downloading pytz-2025.2-py2.py3-none-any.whl.metadata (22 kB)
Collecting tzdata>=2022.7 (from pandas->stable-baselines3->-r requirements.txt (line 7))
  Downloading tzdata-2025.2-py2.py3-none-any.whl.metadata (1.4 kB)
Collecting markdown-it-py>=2.2.0 (from rich->keras>=3.5.0->tensorflow>=2.0->-r requirements.txt (line 1))
  Downloading markdown_it_py-3.0.0-py3-none-any.whl.metadata (6.9 kB)
Collecting pygments<3.0.0,>=2.13.0 (from rich->keras>=3.5.0->tensorflow>=2.0->-r requirements.txt (line 1))
  Downloading pygments-2.19.1-py3-none-any.whl.metadata (2.5 kB)
Collecting mdurl~=0.1 (from markdown-it-py>=2.2.0->rich->keras>=3.5.0->tensorflow>=2.0->-r requirements.txt (line 1))
  Downloading mdurl-0.1.2-py3-none-any.whl.metadata (1.6 kB)
Downloading tensorflow-2.19.0-cp39-cp39-manylinux_2_17_x86_64.manylinux2014_x86_64.whl (644.8 MB)
   ━━━━━━━━━━━━━━━━━━━━━━━━━━━━━━━━━━━━━━━ 644.8/644.8 MB 190.7 MB/s eta 0:00:00
Downloading numpy-2.0.2-cp39-cp39-manylinux_2_17_x86_64.manylinux2014_x86_64.whl (19.5 MB)
   ━━━━━━━━━━━━━━━━━━━━━━━━━━━━━━━━━━━━━━━━ 19.5/19.5 MB 401.8 MB/s eta 0:00:00
Downloading grpcio-1.71.0-cp39-cp39-manylinux_2_17_x86_64.manylinux2014_x86_64.whl (5.9 MB)
   ━━━━━━━━━━━━━━━━━━━━━━━━━━━━━━━━━━━━━━━━ 5.9/5.9 MB 347.7 MB/s eta 0:00:00
Downloading ml_dtypes-0.5.1-cp39-cp39-manylinux_2_17_x86_64.manylinux2014_x86_64.whl (4.7 MB)
   ━━━━━━━━━━━━━━━━━━━━━━━━━━━━━━━━━━━━━━━━ 4.7/4.7 MB 468.7 MB/s eta 0:00:00
Downloading protobuf-5.29.4-cp38-abi3-manylinux2014_x86_64.whl (319 kB)
Downloading requests-2.32.3-py3-none-any.whl (64 kB)
Downloading charset_normalizer-3.4.2-cp39-cp39-manylinux_2_17_x86_64.manylinux2014_x86_64.whl (149 kB)
Downloading idna-3.10-py3-none-any.whl (70 kB)
Downloading tensorboard-2.19.0-py3-none-any.whl (5.5 MB)
   ━━━━━━━━━━━━━━━━━━━━━━━━━━━━━━━━━━━━━━━━ 5.5/5.5 MB 65.9 MB/s eta 0:00:00
Downloading tensorboard_data_server-0.7.2-py3-none-manylinux_2_31_x86_64.whl (6.6 MB)
   ━━━━━━━━━━━━━━━━━━━━━━━━━━━━━━━━━━━━━━━━ 6.6/6.6 MB 373.9 MB/s eta 0:00:00
Downloading urllib3-2.4.0-py3-none-any.whl (128 kB)
Downloading matplotlib-3.9.4-cp39-cp39-manylinux_2_17_x86_64.manylinux2014_x86_64.whl (8.3 MB)
   ━━━━━━━━━━━━━━━━━━━━━━━━━━━━━━━━━━━━━━━━ 8.3/8.3 MB 426.8 MB/s eta 0:00:00
Downloading opencv_python-4.11.0.86-cp37-abi3-manylinux_2_17_x86_64.manylinux2014_x86_64.whl (63.0 MB)
   ━━━━━━━━━━━━━━━━━━━━━━━━━━━━━━━━━━━━━━━━ 63.0/63.0 MB 159.0 MB/s eta 0:00:00
Downloading gymnasium-1.1.1-py3-none-any.whl (965 kB)
   ━━━━━━━━━━━━━━━━━━━━━━━━━━━━━━━━━━━━━━━ 965.4/965.4 kB 890.5 MB/s eta 0:00:00
Downloading ale_py-0.11.0-cp39-cp39-manylinux_2_17_x86_64.manylinux2014_x86_64.whl (4.6 MB)
   ━━━━━━━━━━━━━━━━━━━━━━━━━━━━━━━━━━━━━━━━ 4.6/4.6 MB 205.6 MB/s eta 0:00:00
Downloading stable_baselines3-2.6.0-py3-none-any.whl (184 kB)
Downloading torch-2.7.0-cp39-cp39-manylinux_2_28_x86_64.whl (865.2 MB)
   ━━━━━━━━━━━━━━━━━━━━━━━━━━━━━━━━━━━━━━━ 865.2/865.2 MB 294.4 MB/s eta 0:00:00
Downloading nvidia_cublas_cu12-12.6.4.1-py3-none-manylinux2014_x86_64.manylinux_2_17_x86_64.whl (393.1 MB)
   ━━━━━━━━━━━━━━━━━━━━━━━━━━━━━━━━━━━━━━━ 393.1/393.1 MB 273.1 MB/s eta 0:00:00
Downloading nvidia_cuda_cupti_cu12-12.6.80-py3-none-manylinux2014_x86_64.manylinux_2_17_x86_64.whl (8.9 MB)
   ━━━━━━━━━━━━━━━━━━━━━━━━━━━━━━━━━━━━━━━━ 8.9/8.9 MB 265.1 MB/s eta 0:00:00
Downloading nvidia_cuda_nvrtc_cu12-12.6.77-py3-none-manylinux2014_x86_64.whl (23.7 MB)
   ━━━━━━━━━━━━━━━━━━━━━━━━━━━━━━━━━━━━━━━━ 23.7/23.7 MB 349.7 MB/s eta 0:00:00
Downloading nvidia_cuda_runtime_cu12-12.6.77-py3-none-manylinux2014_x86_64.manylinux_2_17_x86_64.whl (897 kB)
   ━━━━━━━━━━━━━━━━━━━━━━━━━━━━━━━━━━━━━━━ 897.7/897.7 kB 915.5 MB/s eta 0:00:00
Downloading nvidia_cudnn_cu12-9.5.1.17-py3-none-manylinux_2_28_x86_64.whl (571.0 MB)
   ━━━━━━━━━━━━━━━━━━━━━━━━━━━━━━━━━━━━━━━ 571.0/571.0 MB 384.7 MB/s eta 0:00:00
Downloading nvidia_cufft_cu12-11.3.0.4-py3-none-manylinux2014_x86_64.manylinux_2_17_x86_64.whl (200.2 MB)
   ━━━━━━━━━━━━━━━━━━━━━━━━━━━━━━━━━━━━━━━ 200.2/200.2 MB 195.2 MB/s eta 0:00:00
Downloading nvidia_cufile_cu12-1.11.1.6-py3-none-manylinux2014_x86_64.manylinux_2_17_x86_64.whl (1.1 MB)
   ━━━━━━━━━━━━━━━━━━━━━━━━━━━━━━━━━━━━━━━━ 1.1/1.1 MB 800.8 MB/s eta 0:00:00
Downloading nvidia_curand_cu12-10.3.7.77-py3-none-manylinux2014_x86_64.manylinux_2_17_x86_64.whl (56.3 MB)
   ━━━━━━━━━━━━━━━━━━━━━━━━━━━━━━━━━━━━━━━━ 56.3/56.3 MB 289.2 MB/s eta 0:00:00
Downloading nvidia_cusolver_cu12-11.7.1.2-py3-none-manylinux2014_x86_64.manylinux_2_17_x86_64.whl (158.2 MB)
   ━━━━━━━━━━━━━━━━━━━━━━━━━━━━━━━━━━━━━━━ 158.2/158.2 MB 188.3 MB/s eta 0:00:00
Downloading nvidia_cusparse_cu12-12.5.4.2-py3-none-manylinux2014_x86_64.manylinux_2_17_x86_64.whl (216.6 MB)
   ━━━━━━━━━━━━━━━━━━━━━━━━━━━━━━━━━━━━━━━ 216.6/216.6 MB 164.8 MB/s eta 0:00:00
Downloading nvidia_cusparselt_cu12-0.6.3-py3-none-manylinux2014_x86_64.whl (156.8 MB)
   ━━━━━━━━━━━━━━━━━━━━━━━━━━━━━━━━━━━━━━━ 156.8/156.8 MB 260.2 MB/s eta 0:00:00
Downloading nvidia_nccl_cu12-2.26.2-py3-none-manylinux2014_x86_64.manylinux_2_17_x86_64.whl (201.3 MB)
   ━━━━━━━━━━━━━━━━━━━━━━━━━━━━━━━━━━━━━━━ 201.3/201.3 MB 213.6 MB/s eta 0:00:00
Downloading nvidia_nvjitlink_cu12-12.6.85-py3-none-manylinux2010_x86_64.manylinux_2_12_x86_64.whl (19.7 MB)
   ━━━━━━━━━━━━━━━━━━━━━━━━━━━━━━━━━━━━━━━━ 19.7/19.7 MB 305.6 MB/s eta 0:00:00
Downloading nvidia_nvtx_cu12-12.6.77-py3-none-manylinux2014_x86_64.manylinux_2_17_x86_64.whl (89 kB)
Downloading triton-3.3.0-cp39-cp39-manylinux_2_27_x86_64.manylinux_2_28_x86_64.whl (156.4 MB)
   ━━━━━━━━━━━━━━━━━━━━━━━━━━━━━━━━━━━━━━━ 156.4/156.4 MB 239.7 MB/s eta 0:00:00
Downloading absl_py-2.2.2-py3-none-any.whl (135 kB)
Downloading astunparse-1.6.3-py2.py3-none-any.whl (12 kB)
Downloading six-1.17.0-py2.py3-none-any.whl (11 kB)
Downloading wheel-0.45.1-py3-none-any.whl (72 kB)
Downloading certifi-2025.4.26-py3-none-any.whl (159 kB)
Downloading cloudpickle-3.1.1-py3-none-any.whl (20 kB)
Downloading contourpy-1.3.0-cp39-cp39-manylinux_2_17_x86_64.manylinux2014_x86_64.whl (321 kB)
Downloading cycler-0.12.1-py3-none-any.whl (8.3 kB)
Downloading Farama_Notifications-0.0.4-py3-none-any.whl (2.5 kB)
Downloading flatbuffers-25.2.10-py2.py3-none-any.whl (30 kB)
Downloading fonttools-4.58.0-cp39-cp39-manylinux_2_17_x86_64.manylinux2014_x86_64.whl (4.7 MB)
   ━━━━━━━━━━━━━━━━━━━━━━━━━━━━━━━━━━━━━━━━ 4.7/4.7 MB 36.7 MB/s eta 0:00:00
Downloading gast-0.6.0-py3-none-any.whl (21 kB)
Downloading google_pasta-0.2.0-py3-none-any.whl (57 kB)
Downloading h5py-3.13.0-cp39-cp39-manylinux_2_17_x86_64.manylinux2014_x86_64.whl (4.6 MB)
   ━━━━━━━━━━━━━━━━━━━━━━━━━━━━━━━━━━━━━━━━ 4.6/4.6 MB 460.8 MB/s eta 0:00:00
Downloading importlib_metadata-8.7.0-py3-none-any.whl (27 kB)
Downloading importlib_resources-6.5.2-py3-none-any.whl (37 kB)
Downloading keras-3.9.2-py3-none-any.whl (1.3 MB)
   ━━━━━━━━━━━━━━━━━━━━━━━━━━━━━━━━━━━━━━━━ 1.3/1.3 MB 865.6 MB/s eta 0:00:00
Downloading kiwisolver-1.4.7-cp39-cp39-manylinux_2_12_x86_64.manylinux2010_x86_64.whl (1.6 MB)
   ━━━━━━━━━━━━━━━━━━━━━━━━━━━━━━━━━━━━━━━━ 1.6/1.6 MB 801.9 MB/s eta 0:00:00
Downloading libclang-18.1.1-py2.py3-none-manylinux2010_x86_64.whl (24.5 MB)
   ━━━━━━━━━━━━━━━━━━━━━━━━━━━━━━━━━━━━━━━━ 24.5/24.5 MB 597.4 MB/s eta 0:00:00
Downloading markdown-3.8-py3-none-any.whl (106 kB)
Downloading opt_einsum-3.4.0-py3-none-any.whl (71 kB)
Downloading packaging-25.0-py3-none-any.whl (66 kB)
Downloading pillow-11.2.1-cp39-cp39-manylinux_2_28_x86_64.whl (4.6 MB)
   ━━━━━━━━━━━━━━━━━━━━━━━━━━━━━━━━━━━━━━━━ 4.6/4.6 MB 607.7 MB/s eta 0:00:00
Downloading pyparsing-3.2.3-py3-none-any.whl (111 kB)
Downloading python_dateutil-2.9.0.post0-py2.py3-none-any.whl (229 kB)
Downloading setuptools-80.4.0-py3-none-any.whl (1.2 MB)
   ━━━━━━━━━━━━━━━━━━━━━━━━━━━━━━━━━━━━━━━━ 1.2/1.2 MB 887.9 MB/s eta 0:00:00
Downloading sympy-1.14.0-py3-none-any.whl (6.3 MB)
   ━━━━━━━━━━━━━━━━━━━━━━━━━━━━━━━━━━━━━━━━ 6.3/6.3 MB 465.7 MB/s eta 0:00:00
Downloading mpmath-1.3.0-py3-none-any.whl (536 kB)
   ━━━━━━━━━━━━━━━━━━━━━━━━━━━━━━━━━━━━━━━ 536.2/536.2 kB 786.9 MB/s eta 0:00:00
Downloading tensorflow_io_gcs_filesystem-0.37.1-cp39-cp39-manylinux_2_17_x86_64.manylinux2014_x86_64.whl (5.1 MB)
   ━━━━━━━━━━━━━━━━━━━━━━━━━━━━━━━━━━━━━━━━ 5.1/5.1 MB 610.9 MB/s eta 0:00:00
Downloading termcolor-3.1.0-py3-none-any.whl (7.7 kB)
Downloading typing_extensions-4.13.2-py3-none-any.whl (45 kB)
Downloading werkzeug-3.1.3-py3-none-any.whl (224 kB)
Downloading MarkupSafe-3.0.2-cp39-cp39-manylinux_2_17_x86_64.manylinux2014_x86_64.whl (20 kB)
Downloading wrapt-1.17.2-cp39-cp39-manylinux_2_5_x86_64.manylinux1_x86_64.manylinux_2_17_x86_64.manylinux2014_x86_64.whl (82 kB)
Downloading zipp-3.21.0-py3-none-any.whl (9.6 kB)
Downloading filelock-3.18.0-py3-none-any.whl (16 kB)
Downloading fsspec-2025.3.2-py3-none-any.whl (194 kB)
Downloading jinja2-3.1.6-py3-none-any.whl (134 kB)
Downloading namex-0.0.9-py3-none-any.whl (5.8 kB)
Downloading networkx-3.2.1-py3-none-any.whl (1.6 MB)
   ━━━━━━━━━━━━━━━━━━━━━━━━━━━━━━━━━━━━━━━━ 1.6/1.6 MB 474.8 MB/s eta 0:00:00
Downloading optree-0.15.0-cp39-cp39-manylinux_2_17_x86_64.manylinux2014_x86_64.whl (397 kB)
Downloading pandas-2.2.3-cp39-cp39-manylinux_2_17_x86_64.manylinux2014_x86_64.whl (13.1 MB)
   ━━━━━━━━━━━━━━━━━━━━━━━━━━━━━━━━━━━━━━━━ 13.1/13.1 MB 441.9 MB/s eta 0:00:00
Downloading pytz-2025.2-py2.py3-none-any.whl (509 kB)
Downloading tzdata-2025.2-py2.py3-none-any.whl (347 kB)
Downloading rich-14.0.0-py3-none-any.whl (243 kB)
Downloading pygments-2.19.1-py3-none-any.whl (1.2 MB)
   ━━━━━━━━━━━━━━━━━━━━━━━━━━━━━━━━━━━━━━━━ 1.2/1.2 MB 896.6 MB/s eta 0:00:00
Downloading markdown_it_py-3.0.0-py3-none-any.whl (87 kB)
Downloading mdurl-0.1.2-py3-none-any.whl (10.0 kB)
Installing collected packages: pytz, nvidia-cusparselt-cu12, namex, mpmath, libclang, flatbuffers, farama-notifications, zipp, wrapt, wheel, urllib3, tzdata, typing-extensions, termcolor, tensorflow-io-gcs-filesystem, tensorboard-data-server, sympy, six, setuptools, pyparsing, pygments, protobuf, pillow, packaging, opt-einsum, nvidia-nvtx-cu12, nvidia-nvjitlink-cu12, nvidia-nccl-cu12, nvidia-curand-cu12, nvidia-cufile-cu12, nvidia-cuda-runtime-cu12, nvidia-cuda-nvrtc-cu12, nvidia-cuda-cupti-cu12, nvidia-cublas-cu12, numpy, networkx, mdurl, MarkupSafe, kiwisolver, idna, grpcio, gast, fsspec, fonttools, filelock, cycler, cloudpickle, charset-normalizer, certifi, absl-py, werkzeug, triton, requests, python-dateutil, optree, opencv-python, nvidia-cusparse-cu12, nvidia-cufft-cu12, nvidia-cudnn-cu12, ml-dtypes, markdown-it-py, jinja2, importlib-resources, importlib-metadata, h5py, google-pasta, contourpy, astunparse, rich, pandas, nvidia-cusolver-cu12, matplotlib, markdown, gymnasium, ale-py, torch, tensorboard, keras, tensorflow, stable-baselines3
  Attempting uninstall: pytz
    Found existing installation: pytz 2025.2
    Uninstalling pytz-2025.2:
      Successfully uninstalled pytz-2025.2
  Attempting uninstall: nvidia-cusparselt-cu12
    Found existing installation: nvidia-cusparselt-cu12 0.6.3
    Uninstalling nvidia-cusparselt-cu12-0.6.3:
      Successfully uninstalled nvidia-cusparselt-cu12-0.6.3
  Attempting uninstall: namex
    Found existing installation: namex 0.0.9
    Uninstalling namex-0.0.9:
      Successfully uninstalled namex-0.0.9
  Attempting uninstall: mpmath
    Found existing installation: mpmath 1.3.0
    Uninstalling mpmath-1.3.0:
      Successfully uninstalled mpmath-1.3.0
  Attempting uninstall: libclang
    Found existing installation: libclang 18.1.1
    Uninstalling libclang-18.1.1:
      Successfully uninstalled libclang-18.1.1
  Attempting uninstall: flatbuffers
    Found existing installation: flatbuffers 25.2.10
    Uninstalling flatbuffers-25.2.10:
      Successfully uninstalled flatbuffers-25.2.10
  Attempting uninstall: farama-notifications
    Found existing installation: Farama-Notifications 0.0.4
    Uninstalling Farama-Notifications-0.0.4:
      Successfully uninstalled Farama-Notifications-0.0.4
  Attempting uninstall: zipp
    Found existing installation: zipp 3.21.0
    Uninstalling zipp-3.21.0:
      Successfully uninstalled zipp-3.21.0
  Attempting uninstall: wrapt
    Found existing installation: wrapt 1.17.2
    Uninstalling wrapt-1.17.2:
      Successfully uninstalled wrapt-1.17.2
  Attempting uninstall: wheel
    Found existing installation: wheel 0.45.1
    Uninstalling wheel-0.45.1:
      Successfully uninstalled wheel-0.45.1
  Attempting uninstall: urllib3
    Found existing installation: urllib3 2.4.0
    Uninstalling urllib3-2.4.0:
      Successfully uninstalled urllib3-2.4.0
  Attempting uninstall: tzdata
    Found existing installation: tzdata 2025.2
    Uninstalling tzdata-2025.2:
      Successfully uninstalled tzdata-2025.2
  Attempting uninstall: typing-extensions
    Found existing installation: typing_extensions 4.13.2
    Uninstalling typing_extensions-4.13.2:
      Successfully uninstalled typing_extensions-4.13.2
  Attempting uninstall: termcolor
    Found existing installation: termcolor 3.1.0
    Uninstalling termcolor-3.1.0:
      Successfully uninstalled termcolor-3.1.0
  Attempting uninstall: tensorflow-io-gcs-filesystem
    Found existing installation: tensorflow-io-gcs-filesystem 0.37.1
    Uninstalling tensorflow-io-gcs-filesystem-0.37.1:
      Successfully uninstalled tensorflow-io-gcs-filesystem-0.37.1
  Attempting uninstall: tensorboard-data-server
    Found existing installation: tensorboard-data-server 0.7.2
    Uninstalling tensorboard-data-server-0.7.2:
      Successfully uninstalled tensorboard-data-server-0.7.2
  Attempting uninstall: sympy
    Found existing installation: sympy 1.14.0
    Uninstalling sympy-1.14.0:
      Successfully uninstalled sympy-1.14.0
  Attempting uninstall: six
    Found existing installation: six 1.17.0
    Uninstalling six-1.17.0:
      Successfully uninstalled six-1.17.0
  Attempting uninstall: setuptools
    Found existing installation: setuptools 80.4.0
    Uninstalling setuptools-80.4.0:
      Successfully uninstalled setuptools-80.4.0
  Attempting uninstall: pyparsing
    Found existing installation: pyparsing 3.2.3
    Uninstalling pyparsing-3.2.3:
      Successfully uninstalled pyparsing-3.2.3
  Attempting uninstall: pygments
    Found existing installation: Pygments 2.19.1
    Uninstalling Pygments-2.19.1:
      Successfully uninstalled Pygments-2.19.1
  Attempting uninstall: protobuf
    Found existing installation: protobuf 5.29.4
    Uninstalling protobuf-5.29.4:
      Successfully uninstalled protobuf-5.29.4
  Attempting uninstall: pillow
    Found existing installation: pillow 11.2.1
    Uninstalling pillow-11.2.1:
      Successfully uninstalled pillow-11.2.1
  Attempting uninstall: packaging
    Found existing installation: packaging 25.0
    Uninstalling packaging-25.0:
      Successfully uninstalled packaging-25.0
  Attempting uninstall: opt-einsum
    Found existing installation: opt_einsum 3.4.0
    Uninstalling opt_einsum-3.4.0:
      Successfully uninstalled opt_einsum-3.4.0
  Attempting uninstall: nvidia-nvtx-cu12
    Found existing installation: nvidia-nvtx-cu12 12.6.77
    Uninstalling nvidia-nvtx-cu12-12.6.77:
      Successfully uninstalled nvidia-nvtx-cu12-12.6.77
  Attempting uninstall: nvidia-nvjitlink-cu12
    Found existing installation: nvidia-nvjitlink-cu12 12.6.85
    Uninstalling nvidia-nvjitlink-cu12-12.6.85:
      Successfully uninstalled nvidia-nvjitlink-cu12-12.6.85
  Attempting uninstall: nvidia-nccl-cu12
    Found existing installation: nvidia-nccl-cu12 2.26.2
    Uninstalling nvidia-nccl-cu12-2.26.2:
      Successfully uninstalled nvidia-nccl-cu12-2.26.2
  Attempting uninstall: nvidia-curand-cu12
    Found existing installation: nvidia-curand-cu12 10.3.7.77
    Uninstalling nvidia-curand-cu12-10.3.7.77:
      Successfully uninstalled nvidia-curand-cu12-10.3.7.77
  Attempting uninstall: nvidia-cufile-cu12
    Found existing installation: nvidia-cufile-cu12 1.11.1.6
    Uninstalling nvidia-cufile-cu12-1.11.1.6:
      Successfully uninstalled nvidia-cufile-cu12-1.11.1.6
  Attempting uninstall: nvidia-cuda-runtime-cu12
    Found existing installation: nvidia-cuda-runtime-cu12 12.6.77
    Uninstalling nvidia-cuda-runtime-cu12-12.6.77:
      Successfully uninstalled nvidia-cuda-runtime-cu12-12.6.77
  Attempting uninstall: nvidia-cuda-nvrtc-cu12
    Found existing installation: nvidia-cuda-nvrtc-cu12 12.6.77
    Uninstalling nvidia-cuda-nvrtc-cu12-12.6.77:
      Successfully uninstalled nvidia-cuda-nvrtc-cu12-12.6.77
  Attempting uninstall: nvidia-cuda-cupti-cu12
    Found existing installation: nvidia-cuda-cupti-cu12 12.6.80
    Uninstalling nvidia-cuda-cupti-cu12-12.6.80:
      Successfully uninstalled nvidia-cuda-cupti-cu12-12.6.80
  Attempting uninstall: nvidia-cublas-cu12
    Found existing installation: nvidia-cublas-cu12 12.6.4.1
    Uninstalling nvidia-cublas-cu12-12.6.4.1:
      Successfully uninstalled nvidia-cublas-cu12-12.6.4.1
  Attempting uninstall: numpy
    Found existing installation: numpy 2.0.2
    Uninstalling numpy-2.0.2:
      Successfully uninstalled numpy-2.0.2
  Attempting uninstall: networkx
    Found existing installation: networkx 3.2.1
    Uninstalling networkx-3.2.1:
      Successfully uninstalled networkx-3.2.1
  Attempting uninstall: mdurl
    Found existing installation: mdurl 0.1.2
    Uninstalling mdurl-0.1.2:
      Successfully uninstalled mdurl-0.1.2
  Attempting uninstall: MarkupSafe
    Found existing installation: MarkupSafe 3.0.2
    Uninstalling MarkupSafe-3.0.2:
      Successfully uninstalled MarkupSafe-3.0.2
  Attempting uninstall: kiwisolver
    Found existing installation: kiwisolver 1.4.7
    Uninstalling kiwisolver-1.4.7:
      Successfully uninstalled kiwisolver-1.4.7
  Attempting uninstall: idna
    Found existing installation: idna 3.10
    Uninstalling idna-3.10:
      Successfully uninstalled idna-3.10
  Attempting uninstall: grpcio
    Found existing installation: grpcio 1.71.0
    Uninstalling grpcio-1.71.0:
      Successfully uninstalled grpcio-1.71.0
  Attempting uninstall: gast
    Found existing installation: gast 0.6.0
    Uninstalling gast-0.6.0:
      Successfully uninstalled gast-0.6.0
  Attempting uninstall: fsspec
    Found existing installation: fsspec 2025.3.2
    Uninstalling fsspec-2025.3.2:
      Successfully uninstalled fsspec-2025.3.2
  Attempting uninstall: fonttools
    Found existing installation: fonttools 4.58.0
    Uninstalling fonttools-4.58.0:
      Successfully uninstalled fonttools-4.58.0
  Attempting uninstall: filelock
    Found existing installation: filelock 3.18.0
    Uninstalling filelock-3.18.0:
      Successfully uninstalled filelock-3.18.0
  Attempting uninstall: cycler
    Found existing installation: cycler 0.12.1
    Uninstalling cycler-0.12.1:
      Successfully uninstalled cycler-0.12.1
  Attempting uninstall: cloudpickle
    Found existing installation: cloudpickle 3.1.1
    Uninstalling cloudpickle-3.1.1:
      Successfully uninstalled cloudpickle-3.1.1
  Attempting uninstall: charset-normalizer
    Found existing installation: charset-normalizer 3.4.2
    Uninstalling charset-normalizer-3.4.2:
      Successfully uninstalled charset-normalizer-3.4.2
  Attempting uninstall: certifi
    Found existing installation: certifi 2025.4.26
    Uninstalling certifi-2025.4.26:
      Successfully uninstalled certifi-2025.4.26
  Attempting uninstall: absl-py
    Found existing installation: absl-py 2.2.2
    Uninstalling absl-py-2.2.2:
      Successfully uninstalled absl-py-2.2.2
  Attempting uninstall: werkzeug
    Found existing installation: Werkzeug 3.1.3
    Uninstalling Werkzeug-3.1.3:
      Successfully uninstalled Werkzeug-3.1.3
  Attempting uninstall: triton
    Found existing installation: triton 3.3.0
    Uninstalling triton-3.3.0:
      Successfully uninstalled triton-3.3.0
  Attempting uninstall: requests
    Found existing installation: requests 2.32.3
    Uninstalling requests-2.32.3:
      Successfully uninstalled requests-2.32.3
  Attempting uninstall: python-dateutil
    Found existing installation: python-dateutil 2.9.0.post0
    Uninstalling python-dateutil-2.9.0.post0:
      Successfully uninstalled python-dateutil-2.9.0.post0
  Attempting uninstall: optree
    Found existing installation: optree 0.15.0
    Uninstalling optree-0.15.0:
      Successfully uninstalled optree-0.15.0
  Attempting uninstall: opencv-python
    Found existing installation: opencv-python 4.11.0.86
    Uninstalling opencv-python-4.11.0.86:
      Successfully uninstalled opencv-python-4.11.0.86
  Attempting uninstall: nvidia-cusparse-cu12
    Found existing installation: nvidia-cusparse-cu12 12.5.4.2
    Uninstalling nvidia-cusparse-cu12-12.5.4.2:
      Successfully uninstalled nvidia-cusparse-cu12-12.5.4.2
  Attempting uninstall: nvidia-cufft-cu12
    Found existing installation: nvidia-cufft-cu12 11.3.0.4
    Uninstalling nvidia-cufft-cu12-11.3.0.4:
      Successfully uninstalled nvidia-cufft-cu12-11.3.0.4
  Attempting uninstall: nvidia-cudnn-cu12
    Found existing installation: nvidia-cudnn-cu12 9.5.1.17
    Uninstalling nvidia-cudnn-cu12-9.5.1.17:
      Successfully uninstalled nvidia-cudnn-cu12-9.5.1.17
  Attempting uninstall: ml-dtypes
    Found existing installation: ml_dtypes 0.5.1
    Uninstalling ml_dtypes-0.5.1:
      Successfully uninstalled ml_dtypes-0.5.1
  Attempting uninstall: markdown-it-py
    Found existing installation: markdown-it-py 3.0.0
    Uninstalling markdown-it-py-3.0.0:
      Successfully uninstalled markdown-it-py-3.0.0
  Attempting uninstall: jinja2
    Found existing installation: Jinja2 3.1.6
    Uninstalling Jinja2-3.1.6:
      Successfully uninstalled Jinja2-3.1.6
  Attempting uninstall: importlib-resources
    Found existing installation: importlib_resources 6.5.2
    Uninstalling importlib_resources-6.5.2:
      Successfully uninstalled importlib_resources-6.5.2
  Attempting uninstall: importlib-metadata
    Found existing installation: importlib_metadata 8.7.0
    Uninstalling importlib_metadata-8.7.0:
      Successfully uninstalled importlib_metadata-8.7.0
  Attempting uninstall: h5py
    Found existing installation: h5py 3.13.0
    Uninstalling h5py-3.13.0:
      Successfully uninstalled h5py-3.13.0
  Attempting uninstall: google-pasta
    Found existing installation: google-pasta 0.2.0
    Uninstalling google-pasta-0.2.0:
      Successfully uninstalled google-pasta-0.2.0
  Attempting uninstall: contourpy
    Found existing installation: contourpy 1.3.0
    Uninstalling contourpy-1.3.0:
      Successfully uninstalled contourpy-1.3.0
  Attempting uninstall: astunparse
    Found existing installation: astunparse 1.6.3
    Uninstalling astunparse-1.6.3:
      Successfully uninstalled astunparse-1.6.3
  Attempting uninstall: rich
    Found existing installation: rich 14.0.0
    Uninstalling rich-14.0.0:
      Successfully uninstalled rich-14.0.0
  Attempting uninstall: pandas
    Found existing installation: pandas 2.2.3
    Uninstalling pandas-2.2.3:
      Successfully uninstalled pandas-2.2.3
  Attempting uninstall: nvidia-cusolver-cu12
    Found existing installation: nvidia-cusolver-cu12 11.7.1.2
    Uninstalling nvidia-cusolver-cu12-11.7.1.2:
      Successfully uninstalled nvidia-cusolver-cu12-11.7.1.2
  Attempting uninstall: matplotlib
    Found existing installation: matplotlib 3.9.4
    Uninstalling matplotlib-3.9.4:
      Successfully uninstalled matplotlib-3.9.4
  Attempting uninstall: markdown
    Found existing installation: Markdown 3.8
    Uninstalling Markdown-3.8:
      Successfully uninstalled Markdown-3.8
  Attempting uninstall: gymnasium
    Found existing installation: gymnasium 1.1.1
    Uninstalling gymnasium-1.1.1:
      Successfully uninstalled gymnasium-1.1.1
  Attempting uninstall: ale-py
    Found existing installation: ale-py 0.11.0
    Uninstalling ale-py-0.11.0:
      Successfully uninstalled ale-py-0.11.0
  Attempting uninstall: torch
    Found existing installation: torch 2.7.0
    Uninstalling torch-2.7.0:
      Successfully uninstalled torch-2.7.0
  Attempting uninstall: tensorboard
    Found existing installation: tensorboard 2.19.0
    Uninstalling tensorboard-2.19.0:
      Successfully uninstalled tensorboard-2.19.0
  Attempting uninstall: keras
    Found existing installation: keras 3.9.2
    Uninstalling keras-3.9.2:
      Successfully uninstalled keras-3.9.2
  Attempting uninstall: tensorflow
    Found existing installation: tensorflow 2.19.0
    Uninstalling tensorflow-2.19.0:
      Successfully uninstalled tensorflow-2.19.0
  Attempting uninstall: stable-baselines3
    Found existing installation: stable_baselines3 2.6.0
    Uninstalling stable_baselines3-2.6.0:
      Successfully uninstalled stable_baselines3-2.6.0

Successfully installed MarkupSafe-3.0.2 absl-py-2.2.2 ale-py-0.11.0 astunparse-1.6.3 certifi-2025.4.26 charset-normalizer-3.4.2 cloudpickle-3.1.1 contourpy-1.3.0 cycler-0.12.1 farama-notifications-0.0.4 filelock-3.18.0 flatbuffers-25.2.10 fonttools-4.58.0 fsspec-2025.3.2 gast-0.6.0 google-pasta-0.2.0 grpcio-1.71.0 gymnasium-1.1.1 h5py-3.13.0 idna-3.10 importlib-metadata-8.7.0 importlib-resources-6.5.2 jinja2-3.1.6 keras-3.9.2 kiwisolver-1.4.7 libclang-18.1.1 markdown-3.8 markdown-it-py-3.0.0 matplotlib-3.9.4 mdurl-0.1.2 ml-dtypes-0.5.1 mpmath-1.3.0 namex-0.0.9 networkx-3.2.1 numpy-2.0.2 nvidia-cublas-cu12-12.6.4.1 nvidia-cuda-cupti-cu12-12.6.80 nvidia-cuda-nvrtc-cu12-12.6.77 nvidia-cuda-runtime-cu12-12.6.77 nvidia-cudnn-cu12-9.5.1.17 nvidia-cufft-cu12-11.3.0.4 nvidia-cufile-cu12-1.11.1.6 nvidia-curand-cu12-10.3.7.77 nvidia-cusolver-cu12-11.7.1.2 nvidia-cusparse-cu12-12.5.4.2 nvidia-cusparselt-cu12-0.6.3 nvidia-nccl-cu12-2.26.2 nvidia-nvjitlink-cu12-12.6.85 nvidia-nvtx-cu12-12.6.77 opencv-python-4.11.0.86 opt-einsum-3.4.0 optree-0.15.0 packaging-25.0 pandas-2.2.3 pillow-11.2.1 protobuf-5.29.4 pygments-2.19.1 pyparsing-3.2.3 python-dateutil-2.9.0.post0 pytz-2025.2 requests-2.32.3 rich-14.0.0 setuptools-80.4.0 six-1.17.0 stable-baselines3-2.6.0 sympy-1.14.0 tensorboard-2.19.0 tensorboard-data-server-0.7.2 tensorflow-2.19.0 tensorflow-io-gcs-filesystem-0.37.1 termcolor-3.1.0 torch-2.7.0 triton-3.3.0 typing-extensions-4.13.2 tzdata-2025.2 urllib3-2.4.0 werkzeug-3.1.3 wheel-0.45.1 wrapt-1.17.2 zipp-3.21.0
Actor and Critic models compiled under strategy scope.

JOB STATISTICS
==============
Job ID: 11760869
Cluster: snellius
User/Group: apiaghiardelli/apiaghiardelli
State: FAILED (exit code 1)
Nodes: 1
Cores per node: 18
CPU Utilized: 00:02:17
CPU Efficiency: 2.66% of 01:25:48 core-walltime
Job Wall-clock time: 00:04:46
Memory Utilized: 292.36 MB
Memory Efficiency: 0.45% of 64.00 GB (64.00 GB/node)
