Lmod has detected the following error: The following module(s) are unknown:
"python/3.9"

Please check the spelling or version number. Also try "module spider ..."
It is also possible your cache file is out-of-date; it may help to try:
  $ module --ignore_cache load "python/3.9"

Also make sure that all modulefiles written in TCL start with the string
#%Module



Lmod has detected the following error: The following module(s) are unknown:
"cuda/11.8"

Please check the spelling or version number. Also try "module spider ..."
It is also possible your cache file is out-of-date; it may help to try:
  $ module --ignore_cache load "cuda/11.8"

Also make sure that all modulefiles written in TCL start with the string
#%Module



Lmod has detected the following error: The following module(s) are unknown:
"cudnn/8.6"

Please check the spelling or version number. Also try "module spider ..."
It is also possible your cache file is out-of-date; it may help to try:
  $ module --ignore_cache load "cudnn/8.6"

Also make sure that all modulefiles written in TCL start with the string
#%Module



/usr/bin/which: no nvcc in (/usr/local/cuda-12.2/bin:/home/apiaghiardelli/.local/bin:/home/apiaghiardelli/bin:/usr/hpc/bin:/opt/neovim/current/bin:/opt/ear/current/bin:/usr/local/bin:/usr/bin:/usr/local/sbin:/usr/sbin)
/usr/bin/which: no ptxas in (/usr/local/cuda-12.2/bin:/home/apiaghiardelli/.local/bin:/home/apiaghiardelli/bin:/usr/hpc/bin:/opt/neovim/current/bin:/opt/ear/current/bin:/usr/local/bin:/usr/bin:/usr/local/sbin:/usr/sbin)
ERROR: Ignored the following yanked versions: 0.1.6, 0.1.7, 0.1.8, 0.1.9, 0.2.0, 0.2.1, 0.2.2, 0.2.2.post2, 0.2.2.post3, 0.11.0, 0.15.0
ERROR: Ignored the following versions that require a different python version: 2.1.0 Requires-Python >=3.10; 2.1.0rc1 Requires-Python >=3.10; 2.1.1 Requires-Python >=3.10; 2.1.2 Requires-Python >=3.10; 2.1.3 Requires-Python >=3.10; 2.2.0 Requires-Python >=3.10; 2.2.0rc1 Requires-Python >=3.10; 2.2.1 Requires-Python >=3.10; 2.2.2 Requires-Python >=3.10; 2.2.3 Requires-Python >=3.10; 2.2.4 Requires-Python >=3.10; 2.2.5 Requires-Python >=3.10; 3.10.0 Requires-Python >=3.10; 3.10.0rc1 Requires-Python >=3.10; 3.10.1 Requires-Python >=3.10; 3.10.3 Requires-Python >=3.10
ERROR: Could not find a version that satisfies the requirement torchvision==0.15+cu118 (from versions: 0.8.2, 0.9.0, 0.9.1, 0.10.0, 0.10.1, 0.11.1, 0.11.2, 0.11.3, 0.12.0, 0.13.0, 0.13.1, 0.14.0, 0.14.1, 0.15.1, 0.15.2, 0.16.0, 0.16.1, 0.16.2, 0.17.0, 0.17.1, 0.17.2, 0.18.0, 0.18.1, 0.19.0, 0.19.1, 0.20.0, 0.20.1, 0.21.0, 0.22.0)
ERROR: No matching distribution found for torchvision==0.15+cu118
2025-05-11 17:11:54.850220: I tensorflow/core/util/port.cc:110] oneDNN custom operations are on. You may see slightly different numerical results due to floating-point round-off errors from different computation orders. To turn them off, set the environment variable `TF_ENABLE_ONEDNN_OPTS=0`.
2025-05-11 17:11:54.877733: I tensorflow/tsl/cuda/cudart_stub.cc:28] Could not find cuda drivers on your machine, GPU will not be used.
2025-05-11 17:11:55.025319: I tensorflow/tsl/cuda/cudart_stub.cc:28] Could not find cuda drivers on your machine, GPU will not be used.
2025-05-11 17:11:55.025943: I tensorflow/core/platform/cpu_feature_guard.cc:182] This TensorFlow binary is optimized to use available CPU instructions in performance-critical operations.
To enable the following instructions: AVX2 AVX512F AVX512_VNNI FMA, in other operations, rebuild TensorFlow with the appropriate compiler flags.
2025-05-11 17:11:57.696129: W tensorflow/compiler/tf2tensorrt/utils/py_utils.cc:38] TF-TRT Warning: Could not find TensorRT
A.L.E: Arcade Learning Environment (version 0.11.0+dfae0bd)
[Powered by Stella]
A.L.E: Arcade Learning Environment (version 0.11.0+dfae0bd)
[Powered by Stella]
2025-05-11 17:12:02.573728: W tensorflow/core/common_runtime/gpu/gpu_device.cc:1960] Cannot dlopen some GPU libraries. Please make sure the missing libraries mentioned above are installed properly if you would like to use GPU. Follow the guide at https://www.tensorflow.org/install/gpu for how to download and setup the required libraries for your platform.
Skipping registering GPU devices...
/home/apiaghiardelli/.local/lib/python3.9/site-packages/keras/src/engine/training.py:3000: UserWarning: You are saving your model as an HDF5 file via `model.save()`. This file format is considered legacy. We recommend using instead the native Keras format, e.g. `model.save('my_model.keras')`.
  saving_api.save_model(
slurmstepd: error: *** JOB 11761838 ON gcn53 CANCELLED AT 2025-05-11T17:13:32 ***
