Defaulting to user installation because normal site-packages is not writeable
Looking in links: /scratch-local/apiaghiardelli.11758208/tmphc1il54u
Requirement already satisfied: setuptools in /gpfs/home6/apiaghiardelli/.local/lib/python3.9/site-packages (80.4.0)
Requirement already satisfied: pip in /gpfs/home6/apiaghiardelli/.local/lib/python3.9/site-packages (25.1)
Number of devices for MirroredStrategy: 2
Actor and Critic models compiled under strategy scope.

JOB STATISTICS
==============
Job ID: 11758208
Cluster: snellius
User/Group: apiaghiardelli/apiaghiardelli
State: RUNNING
Nodes: 1
Cores per node: 18
CPU Utilized: 00:00:00
CPU Efficiency: 0.00% of 00:09:00 core-walltime
Job Wall-clock time: 00:00:30
Memory Utilized: 0.00 MB
Memory Efficiency: 0.00% of 64.00 GB (64.00 GB/node)
WARNING: Efficiency statistics can only be obtained after the job has ended as seff tool is based on the accounting database data.
